#
# A fatal error has been detected by the Java Runtime Environment:
#
#  SIGSEGV (0xb) at pc=0x000000010831cf5a, pid=5628, tid=12291
#
# JRE version: OpenJDK Runtime Environment (11.0.15) (build 11.0.15+0-b2043.56-8887301)
# Java VM: OpenJDK 64-Bit Server VM (11.0.15+0-b2043.56-8887301, mixed mode, tiered, compressed oops, g1 gc, bsd-amd64)
# Problematic frame:
# V  [libjvm.dylib+0x31cf5a]  G1ConcurrentMark::mark_in_next_bitmap(unsigned int, HeapRegion*, oopDesc*, unsigned long)+0xbe
#
# No core dump will be written. Core dumps have been disabled. To enable core dumping, try "ulimit -c unlimited" before starting Java again
#
# If you would like to submit a bug report, please visit:
#   https://bugreport.java.com/bugreport/crash.jsp
#

---------------  S U M M A R Y ------------

Command Line: org.jetbrains.kotlin.cli.jvm.K2JVMCompiler @/Users/alauddinansari/StudioProjects/EHCF_Doctor/app/build/20231005_283118653207049404.compiler.options

Host: MacBookPro9,1 x86_64 2300 MHz, 8 cores, 8G, Darwin 19.6.0
Time: Thu Oct  5 16:10:55 2023 IST elapsed time: 9.953564 seconds (0d 0h 0m 9s)

---------------  T H R E A D  ---------------

Current thread (0x00007fa475831000):  ConcurrentGCThread "G1 Conc#0" [stack: 0x000070000393c000,0x0000700003a3c000] [id=12291]

Stack: [0x000070000393c000,0x0000700003a3c000],  sp=0x0000700003a3bc90,  free space=1023k
Native frames: (J=compiled Java code, A=aot compiled Java code, j=interpreted, Vv=VM code, C=native code)
V  [libjvm.dylib+0x31cf5a]  G1ConcurrentMark::mark_in_next_bitmap(unsigned int, HeapRegion*, oopDesc*, unsigned long)+0xbe
V  [libjvm.dylib+0x31e2c4]  G1CMTask::make_reference_grey(oopDesc*)+0x40
V  [libjvm.dylib+0x329c07]  void OopOopIterateDispatch<G1CMOopClosure>::Table::oop_oop_iterate<InstanceKlass, unsigned int>(G1CMOopClosure*, oopDesc*, Klass*)+0x7b
V  [libjvm.dylib+0x3267c9]  void G1CMTask::process_grey_task_entry<true>(G1TaskQueueEntry)+0x16f
V  [libjvm.dylib+0x32153b]  G1CMBitMapClosure::do_addr(HeapWord*)+0x27
V  [libjvm.dylib+0x325e42]  G1CMBitMap::iterate(G1CMBitMapClosure*, MemRegion)+0xfc
V  [libjvm.dylib+0x32586d]  G1CMTask::do_marking_step(double, bool, bool)+0x1d5
V  [libjvm.dylib+0x326cb2]  G1CMConcurrentMarkingTask::work(unsigned int)+0xae
V  [libjvm.dylib+0x7f7483]  GangWorker::loop()+0x43
V  [libjvm.dylib+0x787a46]  Thread::call_run()+0x68
V  [libjvm.dylib+0x631dbb]  thread_native_entry(Thread*)+0x12d
C  [libsystem_pthread.dylib+0x6109]  _pthread_start+0x94
C  [libsystem_pthread.dylib+0x1b8b]  thread_start+0xf


siginfo: si_signo: 11 (SIGSEGV), si_code: 1 (SEGV_MAPERR), si_addr: 0x000000000000c110

Register to memory mapping:

RAX=0x000000000000c000 is an unknown value
RBX=0x000000078327b3e8 is pointing into object: org.jetbrains.kotlin.com.intellij.psi.impl.source.tree.java.PsiReferenceParameterListImpl 
{0x000000078327b3c0} - klass: 'org/jetbrains/kotlin/com/intellij/psi/impl/source/tree/java/PsiReferenceParameterListImpl'
RCX=0x8108402100842000 is an unknown value
RDX=0x000000011ed13e01 points into unknown readable memory: 00 00 00 00 00 00 20
RSP=0x0000700003a3bc90 points into unknown readable memory: 0x00007fa4757d7c00 | 00 7c 7d 75 a4 7f 00 00
RBP=0x0000700003a3bcb0 points into unknown readable memory: 0x0000700003a3bcf0 | f0 bc a3 03 00 70 00 00
RSI=0x000000078327b3e8 is pointing into object: org.jetbrains.kotlin.com.intellij.psi.impl.source.tree.java.PsiReferenceParameterListImpl 
{0x000000078327b3c0} - klass: 'org/jetbrains/kotlin/com/intellij/psi/impl/source/tree/java/PsiReferenceParameterListImpl'
RDI=0x0000000800000000 is pointing into metadata
R8 =0x0 is NULL
R9 =0x00000001089d5280: _ZN10HeapRegion10GrainWordsE+0 in /Applications/Android Studio.app/Contents/jbr/Contents/Home/lib/server/libjvm.dylib at 0x0000000108000000
R10=0x00007fa475827cd8 points into unknown readable memory: 0x0000000800000000 | 00 00 00 00 08 00 00 00
R11=0x00007fa474f5a284 points into unknown readable memory: 00 03 00 00
R12=0x0000700003a3bdf8 points into unknown readable memory: 0x000000010896d9a8 | a8 d9 96 08 01 00 00 00
R13=0x0000000800277ea8 is pointing into metadata
R14=0x0000000000000001 is an unknown value
R15=0x00007fa475827a00 points into unknown readable memory: 0x00007fa475830800 | 00 08 83 75 a4 7f 00 00


Registers:
RAX=0x000000000000c000, RBX=0x000000078327b3e8, RCX=0x8108402100842000, RDX=0x000000011ed13e01
RSP=0x0000700003a3bc90, RBP=0x0000700003a3bcb0, RSI=0x000000078327b3e8, RDI=0x0000000800000000
R8 =0x0000000000000000, R9 =0x00000001089d5280, R10=0x00007fa475827cd8, R11=0x00007fa474f5a284
R12=0x0000700003a3bdf8, R13=0x0000000800277ea8, R14=0x0000000000000001, R15=0x00007fa475827a00
RIP=0x000000010831cf5a, EFLAGS=0x0000000000010246, ERR=0x0000000000000004
  TRAPNO=0x000000000000000e

Top of Stack: (sp=0x0000700003a3bc90)
0x0000700003a3bc90:   00007fa4757d7c00 00007fa474e0fcc0
0x0000700003a3bca0:   000000078327b538 000000078327b3e8
0x0000700003a3bcb0:   0000700003a3bcf0 000000010831e2c4
0x0000700003a3bcc0:   0000700003a3bd00 000000010831e2c4
0x0000700003a3bcd0:   0000000783277ef8 000000078327b52c
0x0000700003a3bce0:   000000078327b538 0000000800277ea0
0x0000700003a3bcf0:   0000700003a3bd30 0000000108329c07
0x0000700003a3bd00:   000000078327b510 0000000000000005
0x0000700003a3bd10:   0000700003a3bdf8 00007fa474e0fcc0
0x0000700003a3bd20:   000000078327b510 0000000800277390
0x0000700003a3bd30:   0000700003a3bd70 00000001083267c9
0x0000700003a3bd40:   0000700003a3bd80 0000700003a3be40
0x0000700003a3bd50:   000000000064f6a2 0000700003a3be01
0x0000700003a3bd60:   0000000000660000 00007fa475827a50
0x0000700003a3bd70:   0000700003a3bd90 000000010832153b
0x0000700003a3bd80:   000000078327b510 000000078327b510
0x0000700003a3bd90:   0000700003a3bde0 0000000108325e42
0x0000700003a3bda0:   0000700003a3bdb0 0000700003a3be40
0x0000700003a3bdb0:   00000000000197ff 00007fa474e0fcc0
0x0000700003a3bdc0:   00007fa474e0fd50 0000700003a3be40
0x0000700003a3bdd0:   00000001089b13a0 0000000000000001
0x0000700003a3bde0:   0000700003a3be90 000000010832586d
0x0000700003a3bdf0:   0000700003a3be30 000000010896d9a8
0x0000700003a3be00:   00007fa4762085e0 00007fa475809000
0x0000700003a3be10:   00007fa474e0fcc0 000000007fffff80
0x0000700003a3be20:   4024000000000000 3fb8147c4c6fa485
0x0000700003a3be30:   3fe0000000000000 00007fa474e0fe00
0x0000700003a3be40:   00007fa475827a00 00007fa474e0fcc0
0x0000700003a3be50:   0000000000000000 0000000000000001
0x0000700003a3be60:   0000000000000000 00007fa474e0fcc0
0x0000700003a3be70:   0000000108993708 00000001089e8a98
0x0000700003a3be80:   0000000000000001 0000700003938d50 

Instructions: (pc=0x000000010831cf5a)
0x000000010831ce5a:   00 00 00 75 13 49 8d be 90 00 00 00 e8 0d 8d 02
0x000000010831ce6a:   00 49 8b 86 b0 00 00 00 49 8b 8e c8 00 00 00 48
0x000000010831ce7a:   89 1c c1 49 ff 86 b0 00 00 00 48 83 c4 10 5b 41
0x000000010831ce8a:   5e 5d c3 90 55 48 89 e5 48 8b 7f 10 5d e9 c6 81
0x000000010831ce9a:   02 00 55 48 89 e5 41 57 41 56 53 50 48 39 8a 60
0x000000010831ceaa:   01 00 00 0f 86 82 00 00 00 48 89 cb 41 89 f6 49
0x000000010831ceba:   89 ff 48 8b 97 90 00 00 00 48 89 c8 48 2b 02 48
0x000000010831ceca:   c1 e8 03 8a 4a 10 48 d3 e8 48 8b 4a 18 48 89 c2
0x000000010831ceda:   48 c1 ea 06 48 8d 14 d1 be 01 00 00 00 89 c1 48
0x000000010831ceea:   d3 e6 48 8b 0a 48 89 cf 48 09 f7 48 39 cf 74 3b
0x000000010831cefa:   48 89 c8 f0 48 0f b1 3a 48 39 c8 48 89 c1 75 e5
0x000000010831cf0a:   4d 85 c0 0f 85 86 00 00 00 48 8d 05 5f 7e 6b 00
0x000000010831cf1a:   8a 10 84 d2 74 1c 8b 7b 08 48 8d 05 76 44 69 00
0x000000010831cf2a:   8a 48 08 48 d3 e7 48 03 38 eb 0b 31 c0 e9 d2 00
0x000000010831cf3a:   00 00 48 8b 7b 08 8b 47 08 85 c0 7e 09 a8 01 75
0x000000010831cf4a:   09 c1 e8 03 eb 46 85 c0 78 0e 48 8b 07 48 89 de
0x000000010831cf5a:   ff 90 10 01 00 00 eb 34 31 c9 84 d2 0f 94 c1 48
0x000000010831cf6a:   63 54 8b 0c 89 c1 48 d3 e2 c1 e8 10 0f b6 c8 48
0x000000010831cf7a:   01 d1 48 8d 05 d1 5d 67 00 48 63 00 48 01 c1 48
0x000000010831cf8a:   ff c9 48 f7 d8 48 21 c8 48 c1 e8 03 4c 63 c0 49
0x000000010831cf9a:   8b 87 f0 02 00 00 44 89 f1 48 8b 04 c8 48 8b 48
0x000000010831cfaa:   18 48 8b 50 48 48 2b 59 10 48 8d 0d b6 82 6b 00
0x000000010831cfba:   8a 09 48 d3 eb 8b 48 68 21 d9 48 c1 e1 04 8b 34
0x000000010831cfca:   0a 39 de 75 06 48 83 c0 58 eb 2f 4c 8d 0c 0a 4c
0x000000010831cfda:   8d 14 0a 49 83 c2 08 49 8b 3a 48 85 ff 74 0d 48
0x000000010831cfea:   c1 e6 03 48 03 70 38 f0 48 0f c1 3e 49 c7 02 00
0x000000010831cffa:   00 00 00 41 89 19 48 83 c0 60 48 ff 00 4c 01 44
0x000000010831d00a:   0a 08 b0 01 48 83 c4 08 5b 41 5e 41 5f 5d c3 90
0x000000010831d01a:   55 48 89 e5 41 57 41 56 41 55 41 54 53 48 81 ec
0x000000010831d02a:   d8 00 00 00 39 b7 50 01 00 00 0f 86 58 02 00 00
0x000000010831d03a:   41 89 f6 49 89 fc e8 d7 51 31 00 49 8b 44 24 18
0x000000010831d04a:   48 8b 80 e0 04 00 00 48 8b b8 00 01 00 00 31 f6 


Stack slot to memory mapping:
stack at sp + 0 slots: 0x00007fa4757d7c00 points into unknown readable memory: 0x0000000000000000 | 00 00 00 00 00 00 00 00
stack at sp + 1 slots: 0x00007fa474e0fcc0 points into unknown readable memory: 0x000000010896d9e8 | e8 d9 96 08 01 00 00 00
stack at sp + 2 slots: 0x000000078327b538 is an oop: org.jetbrains.kotlin.com.intellij.psi.impl.source.tree.java.PsiIdentifierImpl 
{0x000000078327b538} - klass: 'org/jetbrains/kotlin/com/intellij/psi/impl/source/tree/java/PsiIdentifierImpl'
stack at sp + 3 slots: 0x000000078327b3e8 is pointing into object: org.jetbrains.kotlin.com.intellij.psi.impl.source.tree.java.PsiReferenceParameterListImpl 
{0x000000078327b3c0} - klass: 'org/jetbrains/kotlin/com/intellij/psi/impl/source/tree/java/PsiReferenceParameterListImpl'
stack at sp + 4 slots: 0x0000700003a3bcf0 points into unknown readable memory: 0x0000700003a3bd30 | 30 bd a3 03 00 70 00 00
stack at sp + 5 slots: 0x000000010831e2c4: _ZN8G1CMTask19make_reference_greyEP7oopDesc+0x40 in /Applications/Android Studio.app/Contents/jbr/Contents/Home/lib/server/libjvm.dylib at 0x0000000108000000
stack at sp + 6 slots: 0x0000700003a3bd00 points into unknown readable memory: 0x000000078327b510 | 10 b5 27 83 07 00 00 00
stack at sp + 7 slots: 0x000000010831e2c4: _ZN8G1CMTask19make_reference_greyEP7oopDesc+0x40 in /Applications/Android Studio.app/Contents/jbr/Contents/Home/lib/server/libjvm.dylib at 0x0000000108000000


---------------  P R O C E S S  ---------------

Threads class SMR info:
_java_thread_list=0x00007fa474f6ad00, length=10, elements={
0x00007fa475015800, 0x00007fa47801e800, 0x00007fa4758a6000, 0x00007fa477009800,
0x00007fa477826000, 0x00007fa47a00e000, 0x00007fa477827000, 0x00007fa479827000,
0x00007fa47804e000, 0x00007fa47725e000
}

Java Threads: ( => current thread )
  0x00007fa475015800 JavaThread "main" [_thread_blocked, id=6659, stack(0x0000700003633000,0x0000700003733000)]
  0x00007fa47801e800 JavaThread "Reference Handler" daemon [_thread_blocked, id=18435, stack(0x0000700003d48000,0x0000700003e48000)]
  0x00007fa4758a6000 JavaThread "Finalizer" daemon [_thread_blocked, id=14339, stack(0x0000700003e4b000,0x0000700003f4b000)]
  0x00007fa477009800 JavaThread "Signal Dispatcher" daemon [_thread_blocked, id=16643, stack(0x0000700004054000,0x0000700004154000)]
  0x00007fa477826000 JavaThread "Service Thread" daemon [_thread_blocked, id=43267, stack(0x0000700004157000,0x0000700004257000)]
  0x00007fa47a00e000 JavaThread "C2 CompilerThread0" daemon [_thread_in_native, id=42755, stack(0x000070000425a000,0x000070000435a000)]
  0x00007fa477827000 JavaThread "C1 CompilerThread0" daemon [_thread_blocked, id=42243, stack(0x000070000435d000,0x000070000445d000)]
  0x00007fa479827000 JavaThread "Sweeper thread" daemon [_thread_blocked, id=41475, stack(0x0000700004460000,0x0000700004560000)]
  0x00007fa47804e000 JavaThread "Common-Cleaner" daemon [_thread_blocked, id=40963, stack(0x0000700004666000,0x0000700004766000)]
  0x00007fa47725e000 JavaThread "C2 CompilerThread1" daemon [_thread_in_native, id=24323, stack(0x0000700004a72000,0x0000700004b72000)]

Other Threads:
  0x00007fa47800f000 VMThread "VM Thread" [stack: 0x0000700003c45000,0x0000700003d45000] [id=13571]
  0x00007fa47804d000 WatcherThread [stack: 0x0000700004563000,0x0000700004663000] [id=22531]
  0x00007fa47580f800 GCTaskThread "GC Thread#0" [stack: 0x0000700003736000,0x0000700003836000] [id=11523]
  0x00007fa475054000 GCTaskThread "GC Thread#1" [stack: 0x0000700004769000,0x0000700004869000] [id=40451]
  0x00007fa4758a9000 GCTaskThread "GC Thread#2" [stack: 0x000070000486c000,0x000070000496c000] [id=23299]
  0x00007fa475830800 ConcurrentGCThread "G1 Main Marker" [stack: 0x0000700003839000,0x0000700003939000] [id=11779]
=>0x00007fa475831000 ConcurrentGCThread "G1 Conc#0" [stack: 0x000070000393c000,0x0000700003a3c000] [id=12291]
  0x00007fa47a0b2800 ConcurrentGCThread "G1 Conc#1" [stack: 0x000070000496f000,0x0000700004a6f000] [id=23811]
  0x00007fa47980a000 ConcurrentGCThread "G1 Refine#0" [stack: 0x0000700003a3f000,0x0000700003b3f000] [id=19715]
  0x00007fa47573e800 ConcurrentGCThread "G1 Refine#1" [stack: 0x0000700004b75000,0x0000700004c75000] [id=15367]
  0x00007fa47575f800 ConcurrentGCThread "G1 Refine#2" [stack: 0x0000700004c78000,0x0000700004d78000] [id=25351]
  0x00007fa4780bc000 ConcurrentGCThread "G1 Refine#3" [stack: 0x0000700004d7b000,0x0000700004e7b000] [id=39683]
  0x00007fa479b8a000 ConcurrentGCThread "G1 Refine#4" [stack: 0x0000700004e7e000,0x0000700004f7e000] [id=39171]
  0x00007fa475016800 ConcurrentGCThread "G1 Young RemSet Sampling" [stack: 0x0000700003b42000,0x0000700003c42000] [id=12803]

Threads with active compile tasks:
C2 CompilerThread0     9996 6741       4       org.jetbrains.kotlin.parsing.KotlinExpressionParsing::parseBinaryExpression (70 bytes)
C2 CompilerThread1     9996 6860       4       org.jetbrains.kotlin.load.java.lazy.descriptors.JvmPackageScope::getContributedClassifier (142 bytes)

VM state:not at safepoint (normal execution)

VM Mutex/Monitor currently owned by a thread:  ([mutex/lock_event])
[0x00007fa4762063f0] Heap_lock - owner thread: 0x00007fa475015800

Heap address: 0x0000000780000000, size: 2048 MB, Compressed Oops mode: Zero based, Oop shift amount: 3
Narrow klass base: 0x0000000800000000, Narrow klass shift: 0
Compressed class space size: 1073741824 Address: 0x0000000800000000

Heap:
 garbage-first heap   total 157696K, used 66048K [0x0000000780000000, 0x0000000800000000)
  region size 1024K, 8 young (8192K), 5 survivors (5120K)
 Metaspace       used 59291K, capacity 59940K, committed 60748K, reserved 1103872K
  class space    used 6734K, capacity 7013K, committed 7040K, reserved 1048576K
Heap Regions: E=young(eden), S=young(survivor), O=old, HS=humongous(starts), HC=humongous(continues), CS=collection set, F=free, A=archive, TAMS=top-at-mark-start (previous, next)
|   0|0x0000000780000000, 0x0000000780100000, 0x0000000780100000|100%|HS|  |TAMS 0x0000000780100000, 0x0000000780100000| Complete 
|   1|0x0000000780100000, 0x0000000780200000, 0x0000000780200000|100%|HC|  |TAMS 0x0000000780200000, 0x0000000780200000| Complete 
|   2|0x0000000780200000, 0x0000000780300000, 0x0000000780300000|100%|HC|  |TAMS 0x0000000780300000, 0x0000000780300000| Complete 
|   3|0x0000000780300000, 0x0000000780400000, 0x0000000780400000|100%| O|  |TAMS 0x0000000780400000, 0x0000000780400000| Untracked 
|   4|0x0000000780400000, 0x0000000780500000, 0x0000000780500000|100%| O|  |TAMS 0x0000000780500000, 0x0000000780500000| Untracked 
|   5|0x0000000780500000, 0x0000000780600000, 0x0000000780600000|100%|HS|  |TAMS 0x0000000780600000, 0x0000000780600000| Complete 
|   6|0x0000000780600000, 0x0000000780700000, 0x0000000780700000|100%|HC|  |TAMS 0x0000000780700000, 0x0000000780700000| Complete 
|   7|0x0000000780700000, 0x0000000780800000, 0x0000000780800000|100%|HC|  |TAMS 0x0000000780800000, 0x0000000780800000| Complete 
|   8|0x0000000780800000, 0x0000000780900000, 0x0000000780900000|100%| O|  |TAMS 0x0000000780900000, 0x0000000780900000| Untracked 
|   9|0x0000000780900000, 0x0000000780a00000, 0x0000000780a00000|100%| O|  |TAMS 0x0000000780a00000, 0x0000000780a00000| Untracked 
|  10|0x0000000780a00000, 0x0000000780b00000, 0x0000000780b00000|100%| O|  |TAMS 0x0000000780b00000, 0x0000000780b00000| Untracked 
|  11|0x0000000780b00000, 0x0000000780c00000, 0x0000000780c00000|100%| O|  |TAMS 0x0000000780c00000, 0x0000000780c00000| Untracked 
|  12|0x0000000780c00000, 0x0000000780d00000, 0x0000000780d00000|100%| O|  |TAMS 0x0000000780d00000, 0x0000000780d00000| Untracked 
|  13|0x0000000780d00000, 0x0000000780e00000, 0x0000000780e00000|100%|HS|  |TAMS 0x0000000780d00000, 0x0000000780e00000| Complete 
|  14|0x0000000780e00000, 0x0000000780f00000, 0x0000000780f00000|100%|HC|  |TAMS 0x0000000780e00000, 0x0000000780f00000| Complete 
|  15|0x0000000780f00000, 0x0000000781000000, 0x0000000781000000|100%| O|  |TAMS 0x0000000781000000, 0x0000000781000000| Untracked 
|  16|0x0000000781000000, 0x0000000781100000, 0x0000000781100000|100%| O|  |TAMS 0x0000000781100000, 0x0000000781100000| Untracked 
|  17|0x0000000781100000, 0x0000000781200000, 0x0000000781200000|100%| O|  |TAMS 0x0000000781200000, 0x0000000781200000| Untracked 
|  18|0x0000000781200000, 0x0000000781300000, 0x0000000781300000|100%| O|  |TAMS 0x0000000781300000, 0x0000000781300000| Untracked 
|  19|0x0000000781300000, 0x0000000781400000, 0x0000000781400000|100%| O|  |TAMS 0x0000000781400000, 0x0000000781400000| Untracked 
|  20|0x0000000781400000, 0x0000000781500000, 0x0000000781500000|100%| O|  |TAMS 0x0000000781400000, 0x0000000781500000| Untracked 
|  21|0x0000000781500000, 0x0000000781600000, 0x0000000781600000|100%| O|  |TAMS 0x0000000781500000, 0x0000000781600000| Untracked 
|  22|0x0000000781600000, 0x0000000781700000, 0x0000000781700000|100%| O|  |TAMS 0x0000000781600000, 0x0000000781700000| Untracked 
|  23|0x0000000781700000, 0x0000000781800000, 0x0000000781800000|100%| O|  |TAMS 0x0000000781700000, 0x0000000781800000| Untracked 
|  24|0x0000000781800000, 0x0000000781900000, 0x0000000781900000|100%| O|  |TAMS 0x0000000781800000, 0x0000000781900000| Untracked 
|  25|0x0000000781900000, 0x0000000781a00000, 0x0000000781a00000|100%| O|  |TAMS 0x0000000781900000, 0x0000000781a00000| Untracked 
|  26|0x0000000781a00000, 0x0000000781b00000, 0x0000000781b00000|100%| O|  |TAMS 0x0000000781a00000, 0x0000000781b00000| Untracked 
|  27|0x0000000781b00000, 0x0000000781c00000, 0x0000000781c00000|100%| O|  |TAMS 0x0000000781b00000, 0x0000000781c00000| Untracked 
|  28|0x0000000781c00000, 0x0000000781d00000, 0x0000000781d00000|100%| O|  |TAMS 0x0000000781c00000, 0x0000000781d00000| Untracked 
|  29|0x0000000781d00000, 0x0000000781e00000, 0x0000000781e00000|100%| O|  |TAMS 0x0000000781d00000, 0x0000000781e00000| Untracked 
|  30|0x0000000781e00000, 0x0000000781f00000, 0x0000000781f00000|100%| O|  |TAMS 0x0000000781e00000, 0x0000000781f00000| Untracked 
|  31|0x0000000781f00000, 0x0000000782000000, 0x0000000782000000|100%| O|  |TAMS 0x0000000781f00000, 0x0000000782000000| Untracked 
|  32|0x0000000782000000, 0x0000000782100000, 0x0000000782100000|100%| O|  |TAMS 0x0000000782000000, 0x0000000782100000| Untracked 
|  33|0x0000000782100000, 0x0000000782200000, 0x0000000782200000|100%| O|  |TAMS 0x0000000782100000, 0x0000000782200000| Untracked 
|  34|0x0000000782200000, 0x0000000782300000, 0x0000000782300000|100%| O|  |TAMS 0x0000000782200000, 0x0000000782300000| Untracked 
|  35|0x0000000782300000, 0x0000000782400000, 0x0000000782400000|100%| O|  |TAMS 0x0000000782300000, 0x0000000782400000| Untracked 
|  36|0x0000000782400000, 0x0000000782500000, 0x0000000782500000|100%| O|  |TAMS 0x0000000782400000, 0x0000000782500000| Untracked 
|  37|0x0000000782500000, 0x0000000782600000, 0x0000000782600000|100%| O|  |TAMS 0x0000000782500000, 0x0000000782600000| Untracked 
|  38|0x0000000782600000, 0x0000000782700000, 0x0000000782700000|100%| O|  |TAMS 0x0000000782600000, 0x0000000782700000| Untracked 
|  39|0x0000000782700000, 0x0000000782800000, 0x0000000782800000|100%| O|  |TAMS 0x0000000782700000, 0x0000000782800000| Untracked 
|  40|0x0000000782800000, 0x0000000782900000, 0x0000000782900000|100%| O|  |TAMS 0x0000000782800000, 0x0000000782900000| Untracked 
|  41|0x0000000782900000, 0x0000000782a00000, 0x0000000782a00000|100%| O|  |TAMS 0x0000000782900000, 0x0000000782a00000| Untracked 
|  42|0x0000000782a00000, 0x0000000782b00000, 0x0000000782b00000|100%| O|  |TAMS 0x0000000782a00000, 0x0000000782b00000| Untracked 
|  43|0x0000000782b00000, 0x0000000782c00000, 0x0000000782c00000|100%| O|  |TAMS 0x0000000782b00000, 0x0000000782c00000| Untracked 
|  44|0x0000000782c00000, 0x0000000782d00000, 0x0000000782d00000|100%| O|  |TAMS 0x0000000782c00000, 0x0000000782d00000| Untracked 
|  45|0x0000000782d00000, 0x0000000782e00000, 0x0000000782e00000|100%| O|  |TAMS 0x0000000782d00000, 0x0000000782e00000| Untracked 
|  46|0x0000000782e00000, 0x0000000782f00000, 0x0000000782f00000|100%|HS|  |TAMS 0x0000000782e00000, 0x0000000782f00000| Complete 
|  47|0x0000000782f00000, 0x0000000783000000, 0x0000000783000000|100%|HC|  |TAMS 0x0000000782f00000, 0x0000000783000000| Complete 
|  48|0x0000000783000000, 0x0000000783100000, 0x0000000783100000|100%| O|  |TAMS 0x0000000783000000, 0x0000000783100000| Untracked 
|  49|0x0000000783100000, 0x0000000783200000, 0x0000000783200000|100%| O|  |TAMS 0x0000000783100000, 0x0000000783200000| Untracked 
|  50|0x0000000783200000, 0x0000000783300000, 0x0000000783300000|100%| O|  |TAMS 0x0000000783200000, 0x0000000783300000| Untracked 
|  51|0x0000000783300000, 0x0000000783400000, 0x0000000783400000|100%| O|  |TAMS 0x0000000783300000, 0x0000000783400000| Untracked 
|  52|0x0000000783400000, 0x0000000783500000, 0x0000000783500000|100%| O|  |TAMS 0x0000000783400000, 0x0000000783500000| Untracked 
|  53|0x0000000783500000, 0x0000000783600000, 0x0000000783600000|100%| O|  |TAMS 0x0000000783500000, 0x0000000783600000| Untracked 
|  54|0x0000000783600000, 0x0000000783700000, 0x0000000783700000|100%| O|  |TAMS 0x0000000783600000, 0x0000000783700000| Untracked 
|  55|0x0000000783700000, 0x0000000783800000, 0x0000000783800000|100%| O|  |TAMS 0x0000000783700000, 0x0000000783800000| Untracked 
|  56|0x0000000783800000, 0x0000000783900000, 0x0000000783900000|100%| O|  |TAMS 0x0000000783800000, 0x0000000783900000| Untracked 
|  57|0x0000000783900000, 0x0000000783980000, 0x0000000783a00000| 50%| O|  |TAMS 0x0000000783900000, 0x0000000783980000| Untracked 
|  58|0x0000000783a00000, 0x0000000783a00000, 0x0000000783b00000|  0%| F|  |TAMS 0x0000000783a00000, 0x0000000783a00000| Untracked 
|  59|0x0000000783b00000, 0x0000000783b00000, 0x0000000783c00000|  0%| F|  |TAMS 0x0000000783b00000, 0x0000000783b00000| Untracked 
|  60|0x0000000783c00000, 0x0000000783c00000, 0x0000000783d00000|  0%| F|  |TAMS 0x0000000783c00000, 0x0000000783c00000| Untracked 
|  61|0x0000000783d00000, 0x0000000783d00000, 0x0000000783e00000|  0%| F|  |TAMS 0x0000000783d00000, 0x0000000783d00000| Untracked 
|  62|0x0000000783e00000, 0x0000000783e00000, 0x0000000783f00000|  0%| F|  |TAMS 0x0000000783e00000, 0x0000000783e00000| Untracked 
|  63|0x0000000783f00000, 0x0000000783f00000, 0x0000000784000000|  0%| F|  |TAMS 0x0000000783f00000, 0x0000000783f00000| Untracked 
|  64|0x0000000784000000, 0x0000000784000000, 0x0000000784100000|  0%| F|  |TAMS 0x0000000784000000, 0x0000000784000000| Untracked 
|  65|0x0000000784100000, 0x0000000784100000, 0x0000000784200000|  0%| F|  |TAMS 0x0000000784100000, 0x0000000784100000| Untracked 
|  66|0x0000000784200000, 0x0000000784200000, 0x0000000784300000|  0%| F|  |TAMS 0x0000000784200000, 0x0000000784200000| Untracked 
|  67|0x0000000784300000, 0x0000000784300000, 0x0000000784400000|  0%| F|  |TAMS 0x0000000784300000, 0x0000000784300000| Untracked 
|  68|0x0000000784400000, 0x0000000784400000, 0x0000000784500000|  0%| F|  |TAMS 0x0000000784400000, 0x0000000784400000| Untracked 
|  69|0x0000000784500000, 0x0000000784500000, 0x0000000784600000|  0%| F|  |TAMS 0x0000000784500000, 0x0000000784500000| Untracked 
|  70|0x0000000784600000, 0x0000000784600000, 0x0000000784700000|  0%| F|  |TAMS 0x0000000784600000, 0x0000000784600000| Untracked 
|  71|0x0000000784700000, 0x0000000784700000, 0x0000000784800000|  0%| F|  |TAMS 0x0000000784700000, 0x0000000784700000| Untracked 
|  72|0x0000000784800000, 0x0000000784800000, 0x0000000784900000|  0%| F|  |TAMS 0x0000000784800000, 0x0000000784800000| Untracked 
|  73|0x0000000784900000, 0x0000000784900000, 0x0000000784a00000|  0%| F|  |TAMS 0x0000000784900000, 0x0000000784900000| Untracked 
|  74|0x0000000784a00000, 0x0000000784a00000, 0x0000000784b00000|  0%| F|  |TAMS 0x0000000784a00000, 0x0000000784a00000| Untracked 
|  75|0x0000000784b00000, 0x0000000784b00000, 0x0000000784c00000|  0%| F|  |TAMS 0x0000000784b00000, 0x0000000784b00000| Untracked 
|  76|0x0000000784c00000, 0x0000000784c00000, 0x0000000784d00000|  0%| F|  |TAMS 0x0000000784c00000, 0x0000000784c00000| Untracked 
|  77|0x0000000784d00000, 0x0000000784d00000, 0x0000000784e00000|  0%| F|  |TAMS 0x0000000784d00000, 0x0000000784d00000| Untracked 
|  78|0x0000000784e00000, 0x0000000784e00000, 0x0000000784f00000|  0%| F|  |TAMS 0x0000000784e00000, 0x0000000784e00000| Untracked 
|  79|0x0000000784f00000, 0x0000000784f00000, 0x0000000785000000|  0%| F|  |TAMS 0x0000000784f00000, 0x0000000784f00000| Untracked 
|  80|0x0000000785000000, 0x0000000785000000, 0x0000000785100000|  0%| F|  |TAMS 0x0000000785000000, 0x0000000785000000| Untracked 
|  81|0x0000000785100000, 0x0000000785100000, 0x0000000785200000|  0%| F|  |TAMS 0x0000000785100000, 0x0000000785100000| Untracked 
|  82|0x0000000785200000, 0x0000000785200000, 0x0000000785300000|  0%| F|  |TAMS 0x0000000785200000, 0x0000000785200000| Untracked 
|  83|0x0000000785300000, 0x0000000785300000, 0x0000000785400000|  0%| F|  |TAMS 0x0000000785300000, 0x0000000785300000| Untracked 
|  84|0x0000000785400000, 0x0000000785400000, 0x0000000785500000|  0%| F|  |TAMS 0x0000000785400000, 0x0000000785400000| Untracked 
|  85|0x0000000785500000, 0x0000000785500000, 0x0000000785600000|  0%| F|  |TAMS 0x0000000785500000, 0x0000000785500000| Untracked 
|  86|0x0000000785600000, 0x0000000785600000, 0x0000000785700000|  0%| F|  |TAMS 0x0000000785600000, 0x0000000785600000| Untracked 
|  87|0x0000000785700000, 0x0000000785700000, 0x0000000785800000|  0%| F|  |TAMS 0x0000000785700000, 0x0000000785700000| Untracked 
|  88|0x0000000785800000, 0x0000000785800000, 0x0000000785900000|  0%| F|  |TAMS 0x0000000785800000, 0x0000000785800000| Untracked 
|  89|0x0000000785900000, 0x0000000785900000, 0x0000000785a00000|  0%| F|  |TAMS 0x0000000785900000, 0x0000000785900000| Untracked 
|  90|0x0000000785a00000, 0x0000000785a00000, 0x0000000785b00000|  0%| F|  |TAMS 0x0000000785a00000, 0x0000000785a00000| Untracked 
|  91|0x0000000785b00000, 0x0000000785b00000, 0x0000000785c00000|  0%| F|  |TAMS 0x0000000785b00000, 0x0000000785b00000| Untracked 
|  92|0x0000000785c00000, 0x0000000785c00000, 0x0000000785d00000|  0%| F|  |TAMS 0x0000000785c00000, 0x0000000785c00000| Untracked 
|  93|0x0000000785d00000, 0x0000000785d00000, 0x0000000785e00000|  0%| F|  |TAMS 0x0000000785d00000, 0x0000000785d00000| Untracked 
|  94|0x0000000785e00000, 0x0000000785e00000, 0x0000000785f00000|  0%| F|  |TAMS 0x0000000785e00000, 0x0000000785e00000| Untracked 
|  95|0x0000000785f00000, 0x0000000785f00000, 0x0000000786000000|  0%| F|  |TAMS 0x0000000785f00000, 0x0000000785f00000| Untracked 
|  96|0x0000000786000000, 0x0000000786000000, 0x0000000786100000|  0%| F|  |TAMS 0x0000000786000000, 0x0000000786000000| Untracked 
|  97|0x0000000786100000, 0x0000000786100000, 0x0000000786200000|  0%| F|  |TAMS 0x0000000786100000, 0x0000000786100000| Untracked 
|  98|0x0000000786200000, 0x0000000786200000, 0x0000000786300000|  0%| F|  |TAMS 0x0000000786200000, 0x0000000786200000| Untracked 
|  99|0x0000000786300000, 0x0000000786300000, 0x0000000786400000|  0%| F|  |TAMS 0x0000000786300000, 0x0000000786300000| Untracked 
| 100|0x0000000786400000, 0x0000000786400000, 0x0000000786500000|  0%| F|  |TAMS 0x0000000786400000, 0x0000000786400000| Untracked 
| 101|0x0000000786500000, 0x0000000786500000, 0x0000000786600000|  0%| F|  |TAMS 0x0000000786500000, 0x0000000786500000| Untracked 
| 102|0x0000000786600000, 0x0000000786600000, 0x0000000786700000|  0%| F|  |TAMS 0x0000000786600000, 0x0000000786600000| Untracked 
| 103|0x0000000786700000, 0x0000000786700000, 0x0000000786800000|  0%| F|  |TAMS 0x0000000786700000, 0x0000000786700000| Untracked 
| 104|0x0000000786800000, 0x0000000786800000, 0x0000000786900000|  0%| F|  |TAMS 0x0000000786800000, 0x0000000786800000| Untracked 
| 105|0x0000000786900000, 0x0000000786900000, 0x0000000786a00000|  0%| F|  |TAMS 0x0000000786900000, 0x0000000786900000| Untracked 
| 106|0x0000000786a00000, 0x0000000786a00000, 0x0000000786b00000|  0%| F|  |TAMS 0x0000000786a00000, 0x0000000786a00000| Untracked 
| 107|0x0000000786b00000, 0x0000000786b00000, 0x0000000786c00000|  0%| F|  |TAMS 0x0000000786b00000, 0x0000000786b00000| Untracked 
| 108|0x0000000786c00000, 0x0000000786c00000, 0x0000000786d00000|  0%| F|  |TAMS 0x0000000786c00000, 0x0000000786c00000| Untracked 
| 109|0x0000000786d00000, 0x0000000786d00000, 0x0000000786e00000|  0%| F|  |TAMS 0x0000000786d00000, 0x0000000786d00000| Untracked 
| 110|0x0000000786e00000, 0x0000000786e00000, 0x0000000786f00000|  0%| F|  |TAMS 0x0000000786e00000, 0x0000000786e00000| Untracked 
| 111|0x0000000786f00000, 0x0000000786f00000, 0x0000000787000000|  0%| F|  |TAMS 0x0000000786f00000, 0x0000000786f00000| Untracked 
| 112|0x0000000787000000, 0x0000000787000000, 0x0000000787100000|  0%| F|  |TAMS 0x0000000787000000, 0x0000000787000000| Untracked 
| 113|0x0000000787100000, 0x0000000787100000, 0x0000000787200000|  0%| F|  |TAMS 0x0000000787100000, 0x0000000787100000| Untracked 
| 114|0x0000000787200000, 0x0000000787200000, 0x0000000787300000|  0%| F|  |TAMS 0x0000000787200000, 0x0000000787200000| Untracked 
| 115|0x0000000787300000, 0x0000000787300000, 0x0000000787400000|  0%| F|  |TAMS 0x0000000787300000, 0x0000000787300000| Untracked 
| 116|0x0000000787400000, 0x0000000787400000, 0x0000000787500000|  0%| F|  |TAMS 0x0000000787400000, 0x0000000787400000| Untracked 
| 117|0x0000000787500000, 0x0000000787500000, 0x0000000787600000|  0%| F|  |TAMS 0x0000000787500000, 0x0000000787500000| Untracked 
| 118|0x0000000787600000, 0x0000000787600000, 0x0000000787700000|  0%| F|  |TAMS 0x0000000787600000, 0x0000000787600000| Untracked 
| 119|0x0000000787700000, 0x0000000787700000, 0x0000000787800000|  0%| F|  |TAMS 0x0000000787700000, 0x0000000787700000| Untracked 
| 120|0x0000000787800000, 0x0000000787800000, 0x0000000787900000|  0%| F|  |TAMS 0x0000000787800000, 0x0000000787800000| Untracked 
| 121|0x0000000787900000, 0x0000000787a00000, 0x0000000787a00000|100%| S|CS|TAMS 0x0000000787900000, 0x0000000787900000| Complete 
| 122|0x0000000787a00000, 0x0000000787b00000, 0x0000000787b00000|100%| S|CS|TAMS 0x0000000787a00000, 0x0000000787a00000| Complete 
| 123|0x0000000787b00000, 0x0000000787c00000, 0x0000000787c00000|100%| S|CS|TAMS 0x0000000787b00000, 0x0000000787b00000| Complete 
| 124|0x0000000787c00000, 0x0000000787d00000, 0x0000000787d00000|100%| S|CS|TAMS 0x0000000787c00000, 0x0000000787c00000| Complete 
| 125|0x0000000787d00000, 0x0000000787e00000, 0x0000000787e00000|100%| S|CS|TAMS 0x0000000787d00000, 0x0000000787d00000| Complete 
| 126|0x0000000787e00000, 0x0000000787e00000, 0x0000000787f00000|  0%| F|  |TAMS 0x0000000787e00000, 0x0000000787e00000| Untracked 
| 127|0x0000000787f00000, 0x0000000787f00000, 0x0000000788000000|  0%| F|  |TAMS 0x0000000787f00000, 0x0000000787f00000| Untracked 
| 128|0x0000000788000000, 0x0000000788000000, 0x0000000788100000|  0%| F|  |TAMS 0x0000000788000000, 0x0000000788000000| Untracked 
| 129|0x0000000788100000, 0x0000000788100000, 0x0000000788200000|  0%| F|  |TAMS 0x0000000788100000, 0x0000000788100000| Untracked 
| 130|0x0000000788200000, 0x0000000788200000, 0x0000000788300000|  0%| F|  |TAMS 0x0000000788200000, 0x0000000788200000| Untracked 
| 131|0x0000000788300000, 0x0000000788300000, 0x0000000788400000|  0%| F|  |TAMS 0x0000000788300000, 0x0000000788300000| Untracked 
| 132|0x0000000788400000, 0x0000000788400000, 0x0000000788500000|  0%| F|  |TAMS 0x0000000788400000, 0x0000000788400000| Untracked 
| 133|0x0000000788500000, 0x0000000788500000, 0x0000000788600000|  0%| F|  |TAMS 0x0000000788500000, 0x0000000788500000| Untracked 
| 134|0x0000000788600000, 0x0000000788600000, 0x0000000788700000|  0%| F|  |TAMS 0x0000000788600000, 0x0000000788600000| Untracked 
| 135|0x0000000788700000, 0x0000000788700000, 0x0000000788800000|  0%| F|  |TAMS 0x0000000788700000, 0x0000000788700000| Untracked 
| 136|0x0000000788800000, 0x0000000788800000, 0x0000000788900000|  0%| F|  |TAMS 0x0000000788800000, 0x0000000788800000| Untracked 
| 137|0x0000000788900000, 0x0000000788900000, 0x0000000788a00000|  0%| F|  |TAMS 0x0000000788900000, 0x0000000788900000| Untracked 
| 138|0x0000000788a00000, 0x0000000788a00000, 0x0000000788b00000|  0%| F|  |TAMS 0x0000000788a00000, 0x0000000788a00000| Untracked 
| 139|0x0000000788b00000, 0x0000000788b00000, 0x0000000788c00000|  0%| F|  |TAMS 0x0000000788b00000, 0x0000000788b00000| Untracked 
| 140|0x0000000788c00000, 0x0000000788c00000, 0x0000000788d00000|  0%| F|  |TAMS 0x0000000788c00000, 0x0000000788c00000| Untracked 
| 141|0x0000000788d00000, 0x0000000788d00000, 0x0000000788e00000|  0%| F|  |TAMS 0x0000000788d00000, 0x0000000788d00000| Untracked 
| 142|0x0000000788e00000, 0x0000000788e00000, 0x0000000788f00000|  0%| F|  |TAMS 0x0000000788e00000, 0x0000000788e00000| Untracked 
| 143|0x0000000788f00000, 0x0000000788f00000, 0x0000000789000000|  0%| F|  |TAMS 0x0000000788f00000, 0x0000000788f00000| Untracked 
| 144|0x0000000789000000, 0x0000000789000000, 0x0000000789100000|  0%| F|  |TAMS 0x0000000789000000, 0x0000000789000000| Untracked 
| 145|0x0000000789100000, 0x0000000789100000, 0x0000000789200000|  0%| F|  |TAMS 0x0000000789100000, 0x0000000789100000| Untracked 
| 146|0x0000000789200000, 0x0000000789200000, 0x0000000789300000|  0%| F|  |TAMS 0x0000000789200000, 0x0000000789200000| Untracked 
| 147|0x0000000789300000, 0x0000000789300000, 0x0000000789400000|  0%| F|  |TAMS 0x0000000789300000, 0x0000000789300000| Untracked 
| 148|0x0000000789400000, 0x0000000789400000, 0x0000000789500000|  0%| F|  |TAMS 0x0000000789400000, 0x0000000789400000| Untracked 
| 149|0x0000000789500000, 0x0000000789500000, 0x0000000789600000|  0%| F|  |TAMS 0x0000000789500000, 0x0000000789500000| Untracked 
| 150|0x0000000789600000, 0x0000000789600000, 0x0000000789700000|  0%| F|  |TAMS 0x0000000789600000, 0x0000000789600000| Untracked 
| 151|0x0000000789700000, 0x0000000789785ce8, 0x0000000789800000| 52%| E|  |TAMS 0x0000000789700000, 0x0000000789700000| Complete 
| 152|0x0000000789800000, 0x0000000789900000, 0x0000000789900000|100%| E|CS|TAMS 0x0000000789800000, 0x0000000789800000| Complete 
| 153|0x0000000789900000, 0x0000000789a00000, 0x0000000789a00000|100%| E|CS|TAMS 0x0000000789900000, 0x0000000789900000| Complete 

Card table byte_map: [0x000000010d2ee000,0x000000010d6ee000] _byte_map_base: 0x00000001096ee000

Marking Bits (Prev, Next): (CMBitMap*) 0x00007fa475827a18, (CMBitMap*) 0x00007fa475827a50
 Prev Bits: [0x000000011cc4a000, 0x000000011ec4a000)
 Next Bits: [0x000000011ec4a000, 0x0000000120c4a000)

Polling page: 0x0000000106fed000

Metaspace:

Usage:
  Non-class:     51.69 MB capacity,    51.33 MB (>99%) used,   271.84 KB ( <1%) free+waste,    98.19 KB ( <1%) overhead. 
      Class:      6.85 MB capacity,     6.58 MB ( 96%) used,   234.76 KB (  3%) free+waste,    43.56 KB ( <1%) overhead. 
       Both:     58.54 MB capacity,    57.90 MB ( 99%) used,   506.60 KB ( <1%) free+waste,   141.75 KB ( <1%) overhead. 

Virtual space:
  Non-class space:       54.00 MB reserved,      52.45 MB ( 97%) committed 
      Class space:        1.00 GB reserved,       6.88 MB ( <1%) committed 
             Both:        1.05 GB reserved,      59.32 MB (  6%) committed 

Chunk freelists:
   Non-Class:  757.00 KB
       Class:  0 bytes
        Both:  757.00 KB

MaxMetaspaceSize: unlimited
CompressedClassSpaceSize: 1.00 GB
Initial GC threshold: 20.80 MB
Current GC threshold: 59.40 MB
CDS: off

CodeHeap 'non-profiled nmethods': size=120032Kb used=3058Kb max_used=3058Kb free=116973Kb
 bounds [0x0000000115712000, 0x0000000115a12000, 0x000000011cc4a000]
CodeHeap 'profiled nmethods': size=120028Kb used=15011Kb max_used=15011Kb free=105017Kb
 bounds [0x000000010e1db000, 0x000000010f08b000, 0x0000000115712000]
CodeHeap 'non-nmethods': size=5700Kb used=1287Kb max_used=1336Kb free=4412Kb
 bounds [0x000000010dc4a000, 0x000000010deba000, 0x000000010e1db000]
 total_blobs=7380 nmethods=6805 adapters=487
 compilation: enabled
              stopped_count=0, restarted_count=0
 full_count=0

Compilation events (20 events):
Event: 9.938 Thread 0x00007fa477827000 6879       3       org.jetbrains.kotlin.com.intellij.psi.stubs.StubList::getChildrenStorage (25 bytes)
Event: 9.938 Thread 0x00007fa477827000 nmethod 6879 0x000000010f06b690 code [0x000000010f06b840, 0x000000010f06b9f0]
Event: 9.938 Thread 0x00007fa477827000 6880       3       org.jetbrains.kotlin.com.intellij.psi.stubs.StubList::getChildrenCount (12 bytes)
Event: 9.938 Thread 0x00007fa477827000 nmethod 6880 0x000000010f06ba90 code [0x000000010f06bc80, 0x000000010f06c100]
Event: 9.939 Thread 0x00007fa477827000 6878       3       org.jetbrains.kotlin.com.intellij.psi.stubs.MaterialStubList::get (12 bytes)
Event: 9.939 Thread 0x00007fa477827000 nmethod 6878 0x000000010f06c390 code [0x000000010f06c560, 0x000000010f06c820]
Event: 9.939 Thread 0x00007fa477827000 6881       3       org.jetbrains.kotlin.com.intellij.psi.stubs.MostlyUShortIntList::set (33 bytes)
Event: 9.939 Thread 0x00007fa477827000 nmethod 6881 0x000000010f06c910 code [0x000000010f06cb60, 0x000000010f06d230]
Event: 9.939 Thread 0x00007fa477827000 6884       3       org.jetbrains.kotlin.com.intellij.psi.stubs.MaterialStubList::size (8 bytes)
Event: 9.940 Thread 0x00007fa477827000 nmethod 6884 0x000000010f06d510 code [0x000000010f06d6c0, 0x000000010f06d870]
Event: 9.940 Thread 0x00007fa477827000 6885       3       org.jetbrains.kotlin.com.intellij.psi.stubs.StubList::childrenStartIndex (6 bytes)
Event: 9.940 Thread 0x00007fa477827000 nmethod 6885 0x000000010f06d910 code [0x000000010f06dac0, 0x000000010f06dbb0]
Event: 9.940 Thread 0x00007fa477827000 6882       3       org.jetbrains.kotlin.com.intellij.psi.stubs.StubList::access$200 (6 bytes)
Event: 9.940 Thread 0x00007fa477827000 nmethod 6882 0x000000010f06dc90 code [0x000000010f06de80, 0x000000010f06e340]
Event: 9.940 Thread 0x00007fa477827000 6886       1       org.jetbrains.kotlin.com.intellij.psi.stubs.MaterialStubList::access$000 (5 bytes)
Event: 9.940 Thread 0x00007fa477827000 nmethod 6886 0x0000000115a09510 code [0x0000000115a096c0, 0x0000000115a09750]
Event: 9.940 Thread 0x00007fa477827000 6883       1       org.jetbrains.kotlin.com.intellij.psi.stubs.StubList::access$500 (5 bytes)
Event: 9.941 Thread 0x00007fa477827000 nmethod 6883 0x0000000115a09810 code [0x0000000115a099c0, 0x0000000115a09a50]
Event: 9.941 Thread 0x00007fa477827000 6887       1       org.jetbrains.kotlin.com.intellij.util.containers.UnsignedShortArrayList::size (5 bytes)
Event: 9.941 Thread 0x00007fa477827000 nmethod 6887 0x0000000115a09b10 code [0x0000000115a09cc0, 0x0000000115a09d70]

GC Heap History (16 events):
Event: 2.201 GC heap before
{Heap before GC invocations=0 (full 0):
 garbage-first heap   total 131072K, used 27648K [0x0000000780000000, 0x0000000800000000)
  region size 1024K, 24 young (24576K), 0 survivors (0K)
 Metaspace       used 12243K, capacity 12277K, committed 12672K, reserved 1060864K
  class space    used 1102K, capacity 1110K, committed 1152K, reserved 1048576K
}
Event: 2.206 GC heap after
{Heap after GC invocations=1 (full 0):
 garbage-first heap   total 131072K, used 6378K [0x0000000780000000, 0x0000000800000000)
  region size 1024K, 3 young (3072K), 3 survivors (3072K)
 Metaspace       used 12243K, capacity 12277K, committed 12672K, reserved 1060864K
  class space    used 1102K, capacity 1110K, committed 1152K, reserved 1048576K
}
Event: 3.040 GC heap before
{Heap before GC invocations=1 (full 0):
 garbage-first heap   total 131072K, used 46314K [0x0000000780000000, 0x0000000800000000)
  region size 1024K, 43 young (44032K), 3 survivors (3072K)
 Metaspace       used 20734K, capacity 20899K, committed 21248K, reserved 1069056K
  class space    used 2183K, capacity 2267K, committed 2304K, reserved 1048576K
}
Event: 3.057 GC heap after
{Heap after GC invocations=2 (full 0):
 garbage-first heap   total 131072K, used 10368K [0x0000000780000000, 0x0000000800000000)
  region size 1024K, 7 young (7168K), 7 survivors (7168K)
 Metaspace       used 20734K, capacity 20899K, committed 21248K, reserved 1069056K
  class space    used 2183K, capacity 2267K, committed 2304K, reserved 1048576K
}
Event: 4.343 GC heap before
{Heap before GC invocations=3 (full 0):
 garbage-first heap   total 131072K, used 61568K [0x0000000780000000, 0x0000000800000000)
  region size 1024K, 54 young (55296K), 7 survivors (7168K)
 Metaspace       used 31370K, capacity 31795K, committed 32256K, reserved 1077248K
  class space    used 3649K, capacity 3826K, committed 3840K, reserved 1048576K
}
Event: 4.361 GC heap after
{Heap after GC invocations=4 (full 0):
 garbage-first heap   total 131072K, used 18684K [0x0000000780000000, 0x0000000800000000)
  region size 1024K, 6 young (6144K), 6 survivors (6144K)
 Metaspace       used 31370K, capacity 31795K, committed 32256K, reserved 1077248K
  class space    used 3649K, capacity 3826K, committed 3840K, reserved 1048576K
}
Event: 4.981 GC heap before
{Heap before GC invocations=4 (full 0):
 garbage-first heap   total 131072K, used 54524K [0x0000000780000000, 0x0000000800000000)
  region size 1024K, 41 young (41984K), 6 survivors (6144K)
 Metaspace       used 34813K, capacity 35195K, committed 35840K, reserved 1081344K
  class space    used 4226K, capacity 4404K, committed 4480K, reserved 1048576K
}
Event: 4.996 GC heap after
{Heap after GC invocations=5 (full 0):
 garbage-first heap   total 131072K, used 28324K [0x0000000780000000, 0x0000000800000000)
  region size 1024K, 8 young (8192K), 8 survivors (8192K)
 Metaspace       used 34813K, capacity 35195K, committed 35840K, reserved 1081344K
  class space    used 4226K, capacity 4404K, committed 4480K, reserved 1048576K
}
Event: 6.074 GC heap before
{Heap before GC invocations=6 (full 0):
 garbage-first heap   total 131072K, used 80548K [0x0000000780000000, 0x0000000800000000)
  region size 1024K, 59 young (60416K), 8 survivors (8192K)
 Metaspace       used 44679K, capacity 45141K, committed 46208K, reserved 1089536K
  class space    used 5196K, capacity 5388K, committed 5504K, reserved 1048576K
}
Event: 6.091 GC heap after
{Heap after GC invocations=7 (full 0):
 garbage-first heap   total 131072K, used 32557K [0x0000000780000000, 0x0000000800000000)
  region size 1024K, 7 young (7168K), 7 survivors (7168K)
 Metaspace       used 44679K, capacity 45141K, committed 46208K, reserved 1089536K
  class space    used 5196K, capacity 5388K, committed 5504K, reserved 1048576K
}
Event: 7.759 GC heap before
{Heap before GC invocations=7 (full 0):
 garbage-first heap   total 131072K, used 92973K [0x0000000780000000, 0x0000000800000000)
  region size 1024K, 63 young (64512K), 7 survivors (7168K)
 Metaspace       used 49151K, capacity 49641K, committed 50432K, reserved 1093632K
  class space    used 5667K, capacity 5885K, committed 5888K, reserved 1048576K
}
Event: 7.782 GC heap after
{Heap after GC invocations=8 (full 0):
 garbage-first heap   total 157696K, used 47104K [0x0000000780000000, 0x0000000800000000)
  region size 1024K, 8 young (8192K), 8 survivors (8192K)
 Metaspace       used 49151K, capacity 49641K, committed 50432K, reserved 1093632K
  class space    used 5667K, capacity 5885K, committed 5888K, reserved 1048576K
}
Event: 9.024 GC heap before
{Heap before GC invocations=8 (full 0):
 garbage-first heap   total 157696K, used 106496K [0x0000000780000000, 0x0000000800000000)
  region size 1024K, 66 young (67584K), 8 survivors (8192K)
 Metaspace       used 54507K, capacity 55085K, committed 56192K, reserved 1099776K
  class space    used 6151K, capacity 6402K, committed 6528K, reserved 1048576K
}
Event: 9.047 GC heap after
{Heap after GC invocations=9 (full 0):
 garbage-first heap   total 157696K, used 56320K [0x0000000780000000, 0x0000000800000000)
  region size 1024K, 9 young (9216K), 9 survivors (9216K)
 Metaspace       used 54507K, capacity 55085K, committed 56192K, reserved 1099776K
  class space    used 6151K, capacity 6402K, committed 6528K, reserved 1048576K
}
Event: 9.877 GC heap before
{Heap before GC invocations=9 (full 0):
 garbage-first heap   total 157696K, used 86016K [0x0000000780000000, 0x0000000800000000)
  region size 1024K, 37 young (37888K), 9 survivors (9216K)
 Metaspace       used 58555K, capacity 59259K, committed 60160K, reserved 1101824K
  class space    used 6629K, capacity 6891K, committed 6912K, reserved 1048576K
}
Event: 9.897 GC heap after
{Heap after GC invocations=10 (full 0):
 garbage-first heap   total 157696K, used 64000K [0x0000000780000000, 0x0000000800000000)
  region size 1024K, 5 young (5120K), 5 survivors (5120K)
 Metaspace       used 58555K, capacity 59259K, committed 60160K, reserved 1101824K
  class space    used 6629K, capacity 6891K, committed 6912K, reserved 1048576K
}

Deoptimization events (20 events):
Event: 9.864 Thread 0x00007fa475015800 Uncommon trap: trap_request=0xffffffde fr.pc=0x000000011589ecb8 relative=0x00000000000001f8
Event: 9.864 Thread 0x00007fa475015800 Uncommon trap: reason=class_check action=maybe_recompile pc=0x000000011589ecb8 method=gnu.trove.TIntObjectHashMap.index(I)I @ 28 c2
Event: 9.864 Thread 0x00007fa475015800 DEOPT PACKING pc=0x000000011589ecb8 sp=0x000070000372eb80
Event: 9.864 Thread 0x00007fa475015800 DEOPT UNPACKING pc=0x000000010dc93ea5 sp=0x000070000372eb08 mode 2
Event: 9.864 Thread 0x00007fa475015800 Uncommon trap: trap_request=0xffffffde fr.pc=0x000000011589ecb8 relative=0x00000000000001f8
Event: 9.864 Thread 0x00007fa475015800 Uncommon trap: reason=class_check action=maybe_recompile pc=0x000000011589ecb8 method=gnu.trove.TIntObjectHashMap.index(I)I @ 28 c2
Event: 9.864 Thread 0x00007fa475015800 DEOPT PACKING pc=0x000000011589ecb8 sp=0x000070000372eaf0
Event: 9.864 Thread 0x00007fa475015800 DEOPT UNPACKING pc=0x000000010dc93ea5 sp=0x000070000372ea78 mode 2
Event: 9.875 Thread 0x00007fa475015800 Uncommon trap: trap_request=0xffffffc6 fr.pc=0x0000000115998c50 relative=0x00000000000003f0
Event: 9.875 Thread 0x00007fa475015800 Uncommon trap: reason=bimorphic_or_optimized_type_check action=maybe_recompile pc=0x0000000115998c50 method=org.jetbrains.kotlin.com.intellij.psi.impl.source.tree.SharedImplUtil.countChildrenOfType(Lorg/jetbrains/kotlin/com/intellij/lang/ASTNode;Lorg/jetb
Event: 9.875 Thread 0x00007fa475015800 DEOPT PACKING pc=0x0000000115998c50 sp=0x000070000372fe80
Event: 9.875 Thread 0x00007fa475015800 DEOPT UNPACKING pc=0x000000010dc93ea5 sp=0x000070000372fdc0 mode 2
Event: 9.907 Thread 0x00007fa475015800 Uncommon trap: trap_request=0xffffffc6 fr.pc=0x0000000115998c50 relative=0x00000000000003f0
Event: 9.907 Thread 0x00007fa475015800 Uncommon trap: reason=bimorphic_or_optimized_type_check action=maybe_recompile pc=0x0000000115998c50 method=org.jetbrains.kotlin.com.intellij.psi.impl.source.tree.SharedImplUtil.countChildrenOfType(Lorg/jetbrains/kotlin/com/intellij/lang/ASTNode;Lorg/jetb
Event: 9.907 Thread 0x00007fa475015800 DEOPT PACKING pc=0x0000000115998c50 sp=0x000070000372f740
Event: 9.907 Thread 0x00007fa475015800 DEOPT UNPACKING pc=0x000000010dc93ea5 sp=0x000070000372f680 mode 2
Event: 9.907 Thread 0x00007fa475015800 Uncommon trap: trap_request=0xffffffc6 fr.pc=0x000000011599922c relative=0x00000000000000ec
Event: 9.907 Thread 0x00007fa475015800 Uncommon trap: reason=bimorphic_or_optimized_type_check action=maybe_recompile pc=0x000000011599922c method=org.jetbrains.kotlin.com.intellij.psi.impl.source.tree.SharedImplUtil.countChildrenOfType(Lorg/jetbrains/kotlin/com/intellij/lang/ASTNode;Lorg/jetb
Event: 9.907 Thread 0x00007fa475015800 DEOPT PACKING pc=0x000000011599922c sp=0x000070000372f430
Event: 9.907 Thread 0x00007fa475015800 DEOPT UNPACKING pc=0x000000010dc93ea5 sp=0x000070000372f3f0 mode 2

Classes redefined (0 events):
No events

Internal exceptions (20 events):
Event: 3.474 Thread 0x00007fa475015800 Exception <a 'java/lang/NoSuchMethodError'{0x0000000786d38390}: 'java.lang.Object java.lang.invoke.DelegatingMethodHandle$Holder.reinvoke_L(java.lang.Object, int, int, java.lang.Object, java.lang.Object, java.lang.Object)'> (0x0000000786d38390) thrown at [src/hotspot/share/interpreter/linkResolver.cpp, line 773]
Event: 3.475 Thread 0x00007fa475015800 Exception <a 'java/lang/NoSuchMethodError'{0x0000000786d3c718}: 'java.lang.Object java.lang.invoke.DirectMethodHandle$Holder.invokeStatic(java.lang.Object, java.lang.Object, java.lang.Object, java.lang.Object, int)'> (0x0000000786d3c718) thrown at [src/hotspot/share/interpreter/linkResolver.cpp, line 773]
Event: 3.527 Thread 0x00007fa475015800 Exception <a 'java/lang/NoSuchMethodError'{0x0000000786c60cf0}: 'void java.lang.invoke.DirectMethodHandle$Holder.invokeStatic(java.lang.Object, java.lang.Object, java.lang.Object, java.lang.Object)'> (0x0000000786c60cf0) thrown at [src/hotspot/share/interpreter/linkResolver.cpp, line 773]
Event: 3.601 Thread 0x00007fa475015800 Exception <a 'java/lang/NoSuchMethodError'{0x0000000786848188}: 'void java.lang.invoke.DirectMethodHandle$Holder.invokeStaticInit(java.lang.Object, java.lang.Object)'> (0x0000000786848188) thrown at [src/hotspot/share/interpreter/linkResolver.cpp, line 773]
Event: 3.682 Thread 0x00007fa475015800 Exception <a 'java/lang/NoSuchMethodError'{0x00000007864768e8}: 'void java.lang.invoke.DirectMethodHandle$Holder.invokeVirtual(java.lang.Object, java.lang.Object)'> (0x00000007864768e8) thrown at [src/hotspot/share/interpreter/linkResolver.cpp, line 773]
Event: 3.697 Thread 0x00007fa475015800 Exception <a 'java/lang/NoSuchMethodError'{0x0000000786304060}: 'int java.lang.invoke.DirectMethodHandle$Holder.invokeVirtual(java.lang.Object, java.lang.Object)'> (0x0000000786304060) thrown at [src/hotspot/share/interpreter/linkResolver.cpp, line 773]
Event: 5.146 Thread 0x00007fa475015800 Exception <a 'java/lang/NoSuchMethodError'{0x0000000787896378}: 'java.lang.Object java.lang.invoke.DirectMethodHandle$Holder.invokeVirtual(java.lang.Object, java.lang.Object, java.lang.Object)'> (0x0000000787896378) thrown at [src/hotspot/share/interpreter/linkResolver.cpp, line 773]
Event: 5.923 Thread 0x00007fa475015800 Exception <a 'java/lang/NoSuchMethodError'{0x0000000784737048}: 'java.lang.Object java.lang.invoke.Invokers$Holder.linkToTargetMethod(java.lang.Object, int, java.lang.Object)'> (0x0000000784737048) thrown at [src/hotspot/share/interpreter/linkResolver.cpp, line 773]
Event: 5.987 Thread 0x00007fa475015800 Implicit null exception at 0x000000011586e2dd to 0x000000011586e3ec
Event: 6.004 Thread 0x00007fa475015800 Implicit null exception at 0x000000011586e870 to 0x000000011586e934
Event: 7.004 Thread 0x00007fa475015800 Exception <a 'java/lang/NoSuchMethodError'{0x0000000786819898}: 'java.lang.Object java.lang.invoke.DirectMethodHandle$Holder.invokeStatic(java.lang.Object, java.lang.Object, java.lang.Object, int)'> (0x0000000786819898) thrown at [src/hotspot/share/interpreter/linkResolver.cpp, line 773]
Event: 7.004 Thread 0x00007fa475015800 Exception <a 'java/lang/NoSuchMethodError'{0x000000078681d508}: 'java.lang.Object java.lang.invoke.DirectMethodHandle$Holder.invokeSpecial(java.lang.Object, java.lang.Object, java.lang.Object, java.lang.Object, int)'> (0x000000078681d508) thrown at [src/hotspot/share/interpreter/linkResolver.cpp, line 773]
Event: 7.004 Thread 0x00007fa475015800 Exception <a 'java/lang/NoSuchMethodError'{0x0000000786820818}: 'java.lang.Object java.lang.invoke.Invokers$Holder.linkToTargetMethod(java.lang.Object, java.lang.Object, int, java.lang.Object)'> (0x0000000786820818) thrown at [src/hotspot/share/interpreter/linkResolver.cpp, line 773]
Event: 8.454 Thread 0x00007fa475015800 Implicit null exception at 0x000000011595732f to 0x000000011595735c
Event: 9.068 Thread 0x00007fa475015800 Implicit null exception at 0x00000001159933f5 to 0x00000001159935f4
Event: 9.237 Thread 0x00007fa475015800 Exception <a 'java/lang/NoSuchMethodError'{0x00000007891f4278}: 'java.lang.Object java.lang.invoke.Invokers$Holder.linkToTargetMethod(java.lang.Object, java.lang.Object, java.lang.Object, java.lang.Object, java.lang.Object, java.lang.Object)'> (0x00000007891f4278) thrown at [src/hotspot/share/interpreter/linkResolver.cpp, line 773]
Event: 9.283 Thread 0x00007fa475015800 Implicit null exception at 0x0000000115958203 to 0x0000000115958404
Event: 9.288 Thread 0x00007fa475015800 Implicit null exception at 0x00000001158a91cc to 0x00000001158a92b4
Event: 9.913 Thread 0x00007fa475015800 Exception <a 'java/lang/NoSuchMethodError'{0x0000000789969f10}: 'java.lang.Object java.lang.invoke.DirectMethodHandle$Holder.invokeSpecial(java.lang.Object, java.lang.Object, java.lang.Object, java.lang.Object, java.lang.Object, int)'> (0x0000000789969f10) thrown at [src/hotspot/share/interpreter/linkResolver.cpp, line 773]
Event: 9.913 Thread 0x00007fa475015800 Exception <a 'java/lang/NoSuchMethodError'{0x000000078996dab0}: 'java.lang.Object java.lang.invoke.Invokers$Holder.linkToTargetMethod(java.lang.Object, java.lang.Object, java.lang.Object, int, java.lang.Object)'> (0x000000078996dab0) thrown at [src/hotspot/share/interpreter/linkResolver.cpp, line 773]

Events (20 events):
Event: 9.945 loading class org/jetbrains/kotlin/com/intellij/util/containers/JBIterable$Intercepted
Event: 9.945 loading class org/jetbrains/kotlin/com/intellij/util/containers/JBIterable$Intercepted done
Event: 9.946 loading class org/jetbrains/kotlin/com/intellij/psi/PsiNamedElement
Event: 9.946 loading class org/jetbrains/kotlin/com/intellij/psi/PsiNamedElement done
Event: 9.946 loading class org/jetbrains/kotlin/com/intellij/psi/impl/source/resolve/SymbolCollectingProcessor$ResultWithContext
Event: 9.946 loading class org/jetbrains/kotlin/com/intellij/psi/impl/source/resolve/SymbolCollectingProcessor$ResultWithContext done
Event: 9.946 loading class org/jetbrains/kotlin/com/intellij/util/Function
Event: 9.946 loading class org/jetbrains/kotlin/com/intellij/util/Function done
Event: 9.946 loading class org/jetbrains/kotlin/com/intellij/util/containers/JBIterable$4
Event: 9.946 loading class org/jetbrains/kotlin/com/intellij/util/containers/JBIterable$4 done
Event: 9.946 loading class org/jetbrains/kotlin/com/intellij/util/containers/JBIterable$SCond
Event: 9.946 loading class org/jetbrains/kotlin/com/intellij/util/containers/JBIterable$SCond done
Event: 9.946 loading class org/jetbrains/kotlin/com/intellij/util/containers/JBIterable$Stateful
Event: 9.946 loading class org/jetbrains/kotlin/com/intellij/util/containers/JBIterable$Stateful done
Event: 9.947 loading class org/jetbrains/kotlin/com/intellij/openapi/util/Condition
Event: 9.947 loading class org/jetbrains/kotlin/com/intellij/openapi/util/Condition done
Event: 9.947 loading class org/jetbrains/kotlin/com/intellij/openapi/util/Condition
Event: 9.947 loading class org/jetbrains/kotlin/com/intellij/openapi/util/Condition done
Event: 9.947 loading class org/jetbrains/kotlin/com/intellij/util/containers/JBIterator
Event: 9.947 loading class org/jetbrains/kotlin/com/intellij/util/containers/JBIterator done


Dynamic libraries:
0x00007fff36491000 	/System/Library/Frameworks/Cocoa.framework/Versions/A/Cocoa
0x00007fff43aa6000 	/System/Library/Frameworks/Security.framework/Versions/A/Security
0x00007fff353f7000 	/System/Library/Frameworks/ApplicationServices.framework/Versions/A/ApplicationServices
0x0000000106f8b000 	/Applications/Android Studio.app/Contents/jbr/Contents/Home/lib/jli/libjli.dylib
0x00007fff6d3fe000 	/usr/lib/libSystem.B.dylib
0x00007fff345e9000 	/System/Library/Frameworks/AppKit.framework/Versions/C/AppKit
0x00007fff36dc3000 	/System/Library/Frameworks/CoreData.framework/Versions/A/CoreData
0x00007fff399d7000 	/System/Library/Frameworks/Foundation.framework/Versions/C/Foundation
0x00007fff677a9000 	/System/Library/PrivateFrameworks/UIFoundation.framework/Versions/A/UIFoundation
0x00007fff62fbf000 	/System/Library/PrivateFrameworks/RemoteViewServices.framework/Versions/A/RemoteViewServices
0x00007fff69f6e000 	/System/Library/PrivateFrameworks/XCTTargetBootstrap.framework/Versions/A/XCTTargetBootstrap
0x00007fff371bf000 	/System/Library/Frameworks/CoreDisplay.framework/Versions/A/CoreDisplay
0x00007fff3c896000 	/System/Library/Frameworks/Metal.framework/Versions/A/Metal
0x00007fff51157000 	/System/Library/PrivateFrameworks/DesktopServicesPriv.framework/Versions/A/DesktopServicesPriv
0x00007fff6e5d2000 	/usr/lib/liblangid.dylib
0x00007fff503ec000 	/System/Library/PrivateFrameworks/CoreSVG.framework/Versions/A/CoreSVG
0x00007fff65999000 	/System/Library/PrivateFrameworks/SkyLight.framework/Versions/A/SkyLight
0x00007fff37774000 	/System/Library/Frameworks/CoreGraphics.framework/Versions/A/CoreGraphics
0x00007fff32f58000 	/System/Library/Frameworks/Accelerate.framework/Versions/A/Accelerate
0x00007fff6f8bb000 	/usr/lib/libxml2.2.dylib
0x00007fff5c0e3000 	/System/Library/PrivateFrameworks/IconServices.framework/Versions/A/IconServices
0x00007fff3a1b6000 	/System/Library/Frameworks/IOSurface.framework/Versions/A/IOSurface
0x00007fff6cf28000 	/usr/lib/libDiagnosticMessagesClient.dylib
0x00007fff6f9ca000 	/usr/lib/libz.1.dylib
0x00007fff50fb1000 	/System/Library/PrivateFrameworks/DFRFoundation.framework/Versions/A/DFRFoundation
0x00007fff6e361000 	/usr/lib/libicucore.A.dylib
0x00007fff35729000 	/System/Library/Frameworks/AudioToolbox.framework/Versions/A/AudioToolbox
0x00007fff3580c000 	/System/Library/Frameworks/AudioUnit.framework/Versions/A/AudioUnit
0x00007fff6d696000 	/usr/lib/libauto.dylib
0x00007fff51053000 	/System/Library/PrivateFrameworks/DataDetectorsCore.framework/Versions/A/DataDetectorsCore
0x00007fff35fb2000 	/System/Library/Frameworks/Carbon.framework/Versions/A/Frameworks/HIToolbox.framework/Versions/A/HIToolbox
0x00007fff42c9f000 	/System/Library/Frameworks/QuartzCore.framework/Versions/A/QuartzCore
0x00007fff362f1000 	/System/Library/Frameworks/Carbon.framework/Versions/A/Frameworks/SpeechRecognition.framework/Versions/A/SpeechRecognition
0x00007fff50ac5000 	/System/Library/PrivateFrameworks/CoreUI.framework/Versions/A/CoreUI
0x00007fff36880000 	/System/Library/Frameworks/CoreAudio.framework/Versions/A/CoreAudio
0x00007fff39695000 	/System/Library/Frameworks/DiskArbitration.framework/Versions/A/DiskArbitration
0x00007fff5df98000 	/System/Library/PrivateFrameworks/MultitouchSupport.framework/Versions/A/MultitouchSupport
0x00007fff6e226000 	/usr/lib/libenergytrace.dylib
0x00007fff3a110000 	/System/Library/Frameworks/IOKit.framework/Versions/A/IOKit
0x00007fff386ff000 	/System/Library/Frameworks/CoreServices.framework/Versions/A/CoreServices
0x00007fff60152000 	/System/Library/PrivateFrameworks/PerformanceAnalysis.framework/Versions/A/PerformanceAnalysis
0x00007fff41cd2000 	/System/Library/Frameworks/OpenGL.framework/Versions/A/OpenGL
0x00007fff6f2f7000 	/usr/lib/libobjc.A.dylib
0x00007fff3649f000 	/System/Library/Frameworks/ColorSync.framework/Versions/A/ColorSync
0x00007fff372f2000 	/System/Library/Frameworks/CoreFoundation.framework/Versions/A/CoreFoundation
0x00007fff37e1a000 	/System/Library/Frameworks/CoreImage.framework/Versions/A/CoreImage
0x00007fff39173000 	/System/Library/Frameworks/CoreText.framework/Versions/A/CoreText
0x00007fff3a246000 	/System/Library/Frameworks/ImageIO.framework/Versions/A/ImageIO
0x00007fff6d77a000 	/usr/lib/libc++.1.dylib
0x00007fff6d7f6000 	/usr/lib/libcompression.dylib
0x00007fff6d26c000 	/usr/lib/libMobileGestalt.dylib
0x00007fff67513000 	/System/Library/PrivateFrameworks/TextureIO.framework/Versions/A/TextureIO
0x00007fff6d563000 	/usr/lib/libate.dylib
0x00007fff5c2ec000 	/System/Library/PrivateFrameworks/InternationalSupport.framework/Versions/A/InternationalSupport
0x00007fff7028b000 	/usr/lib/system/libcache.dylib
0x00007fff70291000 	/usr/lib/system/libcommonCrypto.dylib
0x00007fff7029d000 	/usr/lib/system/libcompiler_rt.dylib
0x00007fff702a5000 	/usr/lib/system/libcopyfile.dylib
0x00007fff702af000 	/usr/lib/system/libcorecrypto.dylib
0x00007fff7044e000 	/usr/lib/system/libdispatch.dylib
0x00007fff7048f000 	/usr/lib/system/libdyld.dylib
0x00007fff704c6000 	/usr/lib/system/libkeymgr.dylib
0x00007fff704d4000 	/usr/lib/system/liblaunch.dylib
0x00007fff704d5000 	/usr/lib/system/libmacho.dylib
0x00007fff704db000 	/usr/lib/system/libquarantine.dylib
0x00007fff704de000 	/usr/lib/system/libremovefile.dylib
0x00007fff704e0000 	/usr/lib/system/libsystem_asl.dylib
0x00007fff704f8000 	/usr/lib/system/libsystem_blocks.dylib
0x00007fff704f9000 	/usr/lib/system/libsystem_c.dylib
0x00007fff70581000 	/usr/lib/system/libsystem_configuration.dylib
0x00007fff70585000 	/usr/lib/system/libsystem_coreservices.dylib
0x00007fff70589000 	/usr/lib/system/libsystem_darwin.dylib
0x00007fff70592000 	/usr/lib/system/libsystem_dnssd.dylib
0x00007fff7059a000 	/usr/lib/system/libsystem_featureflags.dylib
0x00007fff7059c000 	/usr/lib/system/libsystem_info.dylib
0x00007fff70617000 	/usr/lib/system/libsystem_m.dylib
0x00007fff70663000 	/usr/lib/system/libsystem_malloc.dylib
0x00007fff7068b000 	/usr/lib/system/libsystem_networkextension.dylib
0x00007fff70699000 	/usr/lib/system/libsystem_notify.dylib
0x00007fff706b7000 	/usr/lib/system/libsystem_sandbox.dylib
0x00007fff706bc000 	/usr/lib/system/libsystem_secinit.dylib
0x00007fff705ea000 	/usr/lib/system/libsystem_kernel.dylib
0x00007fff706a3000 	/usr/lib/system/libsystem_platform.dylib
0x00007fff706ac000 	/usr/lib/system/libsystem_pthread.dylib
0x00007fff706bf000 	/usr/lib/system/libsystem_symptoms.dylib
0x00007fff706c7000 	/usr/lib/system/libsystem_trace.dylib
0x00007fff706df000 	/usr/lib/system/libunwind.dylib
0x00007fff706e5000 	/usr/lib/system/libxpc.dylib
0x00007fff6d7cd000 	/usr/lib/libc++abi.dylib
0x00007fff6e5d4000 	/usr/lib/liblzma.5.dylib
0x00007fff6e24f000 	/usr/lib/libfakelink.dylib
0x00007fff6d4f0000 	/usr/lib/libarchive.2.dylib
0x00007fff44b59000 	/System/Library/Frameworks/SystemConfiguration.framework/Versions/A/SystemConfiguration
0x00007fff6ce5b000 	/usr/lib/libCRFSuite.dylib
0x00007fff35ba3000 	/System/Library/Frameworks/CFNetwork.framework/Versions/A/CFNetwork
0x00007fff6d75c000 	/usr/lib/libbsm.0.dylib
0x00007fff704c7000 	/usr/lib/system/libkxld.dylib
0x00007fff4a913000 	/System/Library/PrivateFrameworks/AppleFSCompression.framework/Versions/A/AppleFSCompression
0x00007fff6dae8000 	/usr/lib/libcoretls.dylib
0x00007fff6daff000 	/usr/lib/libcoretls_cfhelpers.dylib
0x00007fff6f33c000 	/usr/lib/libpam.2.dylib
0x00007fff6f471000 	/usr/lib/libsqlite3.dylib
0x00007fff6f8a8000 	/usr/lib/libxar.1.dylib
0x00007fff6d76d000 	/usr/lib/libbz2.1.0.dylib
0x00007fff6e270000 	/usr/lib/libiconv.2.dylib
0x00007fff6d7e3000 	/usr/lib/libcharset.1.dylib
0x00007fff6edda000 	/usr/lib/libnetwork.dylib
0x00007fff6f343000 	/usr/lib/libpcap.A.dylib
0x00007fff6d4a5000 	/usr/lib/libapple_nghttp2.dylib
0x00007fff38ab6000 	/System/Library/Frameworks/CoreServices.framework/Versions/A/Frameworks/FSEvents.framework/Versions/A/FSEvents
0x00007fff38786000 	/System/Library/Frameworks/CoreServices.framework/Versions/A/Frameworks/CarbonCore.framework/Versions/A/CarbonCore
0x00007fff38cfb000 	/System/Library/Frameworks/CoreServices.framework/Versions/A/Frameworks/Metadata.framework/Versions/A/Metadata
0x00007fff38d94000 	/System/Library/Frameworks/CoreServices.framework/Versions/A/Frameworks/OSServices.framework/Versions/A/OSServices
0x00007fff38dc2000 	/System/Library/Frameworks/CoreServices.framework/Versions/A/Frameworks/SearchKit.framework/Versions/A/SearchKit
0x00007fff38700000 	/System/Library/Frameworks/CoreServices.framework/Versions/A/Frameworks/AE.framework/Versions/A/AE
0x00007fff38abf000 	/System/Library/Frameworks/CoreServices.framework/Versions/A/Frameworks/LaunchServices.framework/Versions/A/LaunchServices
0x00007fff38a68000 	/System/Library/Frameworks/CoreServices.framework/Versions/A/Frameworks/DictionaryServices.framework/Versions/A/DictionaryServices
0x00007fff38e2a000 	/System/Library/Frameworks/CoreServices.framework/Versions/A/Frameworks/SharedFileList.framework/Versions/A/SharedFileList
0x00007fff3daf1000 	/System/Library/Frameworks/NetFS.framework/Versions/A/NetFS
0x00007fff5e4c8000 	/System/Library/PrivateFrameworks/NetAuth.framework/Versions/A/NetAuth
0x00007fff6a33b000 	/System/Library/PrivateFrameworks/login.framework/Versions/A/Frameworks/loginsupport.framework/Versions/A/loginsupport
0x00007fff66fde000 	/System/Library/PrivateFrameworks/TCC.framework/Versions/A/TCC
0x00007fff4f549000 	/System/Library/PrivateFrameworks/CoreNLP.framework/Versions/A/CoreNLP
0x00007fff5db53000 	/System/Library/PrivateFrameworks/MetadataUtilities.framework/Versions/A/MetadataUtilities
0x00007fff6e6ac000 	/usr/lib/libmecabra.dylib
0x00007fff6e604000 	/usr/lib/libmecab.dylib
0x00007fff6e260000 	/usr/lib/libgermantok.dylib
0x00007fff6d48c000 	/usr/lib/libThaiTokenizer.dylib
0x00007fff6ce92000 	/usr/lib/libChineseTokenizer.dylib
0x00007fff32f71000 	/System/Library/Frameworks/Accelerate.framework/Versions/A/Frameworks/vImage.framework/Versions/A/vImage
0x00007fff3443f000 	/System/Library/Frameworks/Accelerate.framework/Versions/A/Frameworks/vecLib.framework/Versions/A/vecLib
0x00007fff342c0000 	/System/Library/Frameworks/Accelerate.framework/Versions/A/Frameworks/vecLib.framework/Versions/A/libvMisc.dylib
0x00007fff3412d000 	/System/Library/Frameworks/Accelerate.framework/Versions/A/Frameworks/vecLib.framework/Versions/A/libvDSP.dylib
0x00007fff3380d000 	/System/Library/Frameworks/Accelerate.framework/Versions/A/Frameworks/vecLib.framework/Versions/A/libBLAS.dylib
0x00007fff33ce5000 	/System/Library/Frameworks/Accelerate.framework/Versions/A/Frameworks/vecLib.framework/Versions/A/libLAPACK.dylib
0x00007fff3408d000 	/System/Library/Frameworks/Accelerate.framework/Versions/A/Frameworks/vecLib.framework/Versions/A/libLinearAlgebra.dylib
0x00007fff3411a000 	/System/Library/Frameworks/Accelerate.framework/Versions/A/Frameworks/vecLib.framework/Versions/A/libSparseBLAS.dylib
0x00007fff340a3000 	/System/Library/Frameworks/Accelerate.framework/Versions/A/Frameworks/vecLib.framework/Versions/A/libQuadrature.dylib
0x00007fff339a3000 	/System/Library/Frameworks/Accelerate.framework/Versions/A/Frameworks/vecLib.framework/Versions/A/libBNNS.dylib
0x00007fff340a9000 	/System/Library/Frameworks/Accelerate.framework/Versions/A/Frameworks/vecLib.framework/Versions/A/libSparse.dylib
0x00007fff5c6c7000 	/System/Library/PrivateFrameworks/LanguageModeling.framework/Versions/A/LanguageModeling
0x00007fff4eef8000 	/System/Library/PrivateFrameworks/CoreEmoji.framework/Versions/A/CoreEmoji
0x00007fff5c7e5000 	/System/Library/PrivateFrameworks/LinguisticData.framework/Versions/A/LinguisticData
0x00007fff5c796000 	/System/Library/PrivateFrameworks/Lexicon.framework/Versions/A/Lexicon
0x00007fff6d7e4000 	/usr/lib/libcmph.dylib
0x00007fff406e0000 	/System/Library/Frameworks/OpenDirectory.framework/Versions/A/Frameworks/CFOpenDirectory.framework/Versions/A/CFOpenDirectory
0x00007fff406fd000 	/System/Library/Frameworks/OpenDirectory.framework/Versions/A/OpenDirectory
0x00007fff48b43000 	/System/Library/PrivateFrameworks/APFS.framework/Versions/A/APFS
0x00007fff43df2000 	/System/Library/Frameworks/SecurityFoundation.framework/Versions/A/SecurityFoundation
0x00007fff6f8a4000 	/usr/lib/libutil.dylib
0x00007fff50444000 	/System/Library/PrivateFrameworks/CoreServicesStore.framework/Versions/A/CoreServicesStore
0x00007fff43ea9000 	/System/Library/Frameworks/ServiceManagement.framework/Versions/A/ServiceManagement
0x00007fff4c0e5000 	/System/Library/PrivateFrameworks/BackgroundTaskManagement.framework/Versions/A/BackgroundTaskManagement
0x00007fff6f9a1000 	/usr/lib/libxslt.1.dylib
0x00007fff4af87000 	/System/Library/PrivateFrameworks/AppleSystemInfo.framework/Versions/A/AppleSystemInfo
0x00007fff3a465000 	/System/Library/Frameworks/ImageIO.framework/Versions/A/Resources/libJPEG.dylib
0x00007fff3a724000 	/System/Library/Frameworks/ImageIO.framework/Versions/A/Resources/libTIFF.dylib
0x00007fff3a707000 	/System/Library/Frameworks/ImageIO.framework/Versions/A/Resources/libPng.dylib
0x00007fff3a3a7000 	/System/Library/Frameworks/ImageIO.framework/Versions/A/Resources/libGIF.dylib
0x00007fff3a3ab000 	/System/Library/Frameworks/ImageIO.framework/Versions/A/Resources/libJP2.dylib
0x00007fff3a722000 	/System/Library/Frameworks/ImageIO.framework/Versions/A/Resources/libRadiance.dylib
0x00007fff6e227000 	/usr/lib/libexpat.1.dylib
0x00007fff4aa6e000 	/System/Library/PrivateFrameworks/AppleJPEG.framework/Versions/A/AppleJPEG
0x00007fff53743000 	/System/Library/PrivateFrameworks/FontServices.framework/libFontParser.dylib
0x00007fff6948d000 	/System/Library/PrivateFrameworks/WatchdogClient.framework/Versions/A/WatchdogClient
0x00007fff5bd2f000 	/System/Library/PrivateFrameworks/IOAccelerator.framework/Versions/A/IOAccelerator
0x00007fff3cc31000 	/System/Library/Frameworks/MetalPerformanceShaders.framework/Versions/A/MetalPerformanceShaders
0x00007fff584bf000 	/System/Library/PrivateFrameworks/GPUWrangler.framework/Versions/A/GPUWrangler
0x00007fff5bd44000 	/System/Library/PrivateFrameworks/IOPresentment.framework/Versions/A/IOPresentment
0x00007fff50fc4000 	/System/Library/PrivateFrameworks/DSExternalDisplay.framework/Versions/A/DSExternalDisplay
0x00007fff41071000 	/System/Library/Frameworks/OpenGL.framework/Versions/A/Libraries/libCoreFSCache.dylib
0x00007fff3c97d000 	/System/Library/Frameworks/MetalPerformanceShaders.framework/Frameworks/MPSCore.framework/Versions/A/MPSCore
0x00007fff3c9bb000 	/System/Library/Frameworks/MetalPerformanceShaders.framework/Frameworks/MPSImage.framework/Versions/A/MPSImage
0x00007fff3ca82000 	/System/Library/Frameworks/MetalPerformanceShaders.framework/Frameworks/MPSNeuralNetwork.framework/Versions/A/MPSNeuralNetwork
0x00007fff3ca46000 	/System/Library/Frameworks/MetalPerformanceShaders.framework/Frameworks/MPSMatrix.framework/Versions/A/MPSMatrix
0x00007fff3cbe1000 	/System/Library/Frameworks/MetalPerformanceShaders.framework/Frameworks/MPSRayIntersector.framework/Versions/A/MPSRayIntersector
0x00007fff3ca6c000 	/System/Library/Frameworks/MetalPerformanceShaders.framework/Frameworks/MPSNDArray.framework/Versions/A/MPSNDArray
0x00007fff5dba0000 	/System/Library/PrivateFrameworks/MetalTools.framework/Versions/A/MetalTools
0x00007fff49d1d000 	/System/Library/PrivateFrameworks/AggregateDictionary.framework/Versions/A/AggregateDictionary
0x00007fff4e93f000 	/System/Library/PrivateFrameworks/CoreAnalytics.framework/Versions/A/CoreAnalytics
0x00007fff4aea5000 	/System/Library/PrivateFrameworks/AppleSauce.framework/Versions/A/AppleSauce
0x00007fff6d14e000 	/usr/lib/libIOReport.dylib
0x00007fff3932c000 	/System/Library/Frameworks/CoreVideo.framework/Versions/A/CoreVideo
0x00007fff59938000 	/System/Library/PrivateFrameworks/GraphVisualizer.framework/Versions/A/GraphVisualizer
0x00007fff52c89000 	/System/Library/PrivateFrameworks/FaceCore.framework/Versions/A/FaceCore
0x00007fff40687000 	/System/Library/Frameworks/OpenCL.framework/Versions/A/OpenCL
0x00007fff6cf70000 	/usr/lib/libFosl_dynamic.dylib
0x00007fff5eeea000 	/System/Library/PrivateFrameworks/OTSVG.framework/Versions/A/OTSVG
0x00007fff354fc000 	/System/Library/Frameworks/ApplicationServices.framework/Versions/A/Frameworks/ATS.framework/Versions/A/Resources/libFontRegistry.dylib
0x00007fff53913000 	/System/Library/PrivateFrameworks/FontServices.framework/libhvf.dylib
0x00007fff4107c000 	/System/Library/Frameworks/OpenGL.framework/Versions/A/Libraries/libGFXShared.dylib
0x00007fff4125a000 	/System/Library/Frameworks/OpenGL.framework/Versions/A/Libraries/libGLU.dylib
0x00007fff41085000 	/System/Library/Frameworks/OpenGL.framework/Versions/A/Libraries/libGL.dylib
0x00007fff41090000 	/System/Library/Frameworks/OpenGL.framework/Versions/A/Libraries/libGLImage.dylib
0x00007fff4106e000 	/System/Library/Frameworks/OpenGL.framework/Versions/A/Libraries/libCVMSPluginSupport.dylib
0x00007fff41077000 	/System/Library/Frameworks/OpenGL.framework/Versions/A/Libraries/libCoreVMClient.dylib
0x00007fff6ec7b000 	/usr/lib/libncurses.5.4.dylib
0x00007fff353f8000 	/System/Library/Frameworks/ApplicationServices.framework/Versions/A/Frameworks/ATS.framework/Versions/A/ATS
0x00007fff355c5000 	/System/Library/Frameworks/ApplicationServices.framework/Versions/A/Frameworks/ColorSyncLegacy.framework/Versions/A/ColorSyncLegacy
0x00007fff35663000 	/System/Library/Frameworks/ApplicationServices.framework/Versions/A/Frameworks/HIServices.framework/Versions/A/HIServices
0x00007fff356bb000 	/System/Library/Frameworks/ApplicationServices.framework/Versions/A/Frameworks/LangAnalysis.framework/Versions/A/LangAnalysis
0x00007fff356ca000 	/System/Library/Frameworks/ApplicationServices.framework/Versions/A/Frameworks/PrintCore.framework/Versions/A/PrintCore
0x00007fff35710000 	/System/Library/Frameworks/ApplicationServices.framework/Versions/A/Frameworks/QD.framework/Versions/A/QD
0x00007fff3571b000 	/System/Library/Frameworks/ApplicationServices.framework/Versions/A/Frameworks/SpeechSynthesis.framework/Versions/A/SpeechSynthesis
0x00007fff35595000 	/System/Library/Frameworks/ApplicationServices.framework/Versions/A/Frameworks/ATSUI.framework/Versions/A/ATSUI
0x00007fff6e0bd000 	/usr/lib/libcups.2.dylib
0x00007fff3bccc000 	/System/Library/Frameworks/Kerberos.framework/Versions/A/Kerberos
0x00007fff39e09000 	/System/Library/Frameworks/GSS.framework/Versions/A/GSS
0x00007fff6f3fd000 	/usr/lib/libresolv.9.dylib
0x00007fff59ae5000 	/System/Library/PrivateFrameworks/Heimdal.framework/Versions/A/Heimdal
0x00007fff3bcdf000 	/System/Library/Frameworks/Kerberos.framework/Versions/A/Libraries/libHeimdalProxy.dylib
0x00007fff6e266000 	/usr/lib/libheimdal-asn1.dylib
0x00007fff4ddd7000 	/System/Library/PrivateFrameworks/CommonAuth.framework/Versions/A/CommonAuth
0x00007fff4b024000 	/System/Library/PrivateFrameworks/AssertionServices.framework/Versions/A/AssertionServices
0x00007fff4bbc7000 	/System/Library/PrivateFrameworks/AudioToolboxCore.framework/Versions/A/AudioToolboxCore
0x00007fff69feb000 	/System/Library/PrivateFrameworks/caulk.framework/Versions/A/caulk
0x00007fff4c191000 	/System/Library/PrivateFrameworks/BaseBoard.framework/Versions/A/BaseBoard
0x00007fff6314d000 	/System/Library/PrivateFrameworks/RunningBoardServices.framework/Versions/A/RunningBoardServices
0x00007fff6015e000 	/System/Library/PrivateFrameworks/PersistentConnection.framework/Versions/A/PersistentConnection
0x00007fff62b46000 	/System/Library/PrivateFrameworks/ProtocolBuffer.framework/Versions/A/ProtocolBuffer
0x00007fff4ddfb000 	/System/Library/PrivateFrameworks/CommonUtilities.framework/Versions/A/CommonUtilities
0x00007fff4c31f000 	/System/Library/PrivateFrameworks/Bom.framework/Versions/A/Bom
0x00007fff6ce21000 	/usr/lib/libAudioToolboxUtility.dylib
0x00007fff4c0ef000 	/System/Library/PrivateFrameworks/Backup.framework/Versions/A/Backup
0x00007fff50ee5000 	/System/Library/PrivateFrameworks/CrashReporterSupport.framework/Versions/A/CrashReporterSupport
0x00007fff6445d000 	/System/Library/PrivateFrameworks/Sharing.framework/Versions/A/Sharing
0x00007fff4a631000 	/System/Library/PrivateFrameworks/Apple80211.framework/Versions/A/Apple80211
0x00007fff4be0c000 	/System/Library/PrivateFrameworks/AuthKit.framework/Versions/A/AuthKit
0x00007fff50bf2000 	/System/Library/PrivateFrameworks/CoreUtils.framework/Versions/A/CoreUtils
0x00007fff39371000 	/System/Library/Frameworks/CoreWLAN.framework/Versions/A/CoreWLAN
0x00007fff39f96000 	/System/Library/Frameworks/IOBluetooth.framework/Versions/A/IOBluetooth
0x00007fff5dd17000 	/System/Library/PrivateFrameworks/MobileKeyBag.framework/Versions/A/MobileKeyBag
0x00007fff4f9e1000 	/System/Library/PrivateFrameworks/CorePhoneNumbers.framework/Versions/A/CorePhoneNumbers
0x00007fff4aa21000 	/System/Library/PrivateFrameworks/AppleIDAuthSupport.framework/Versions/A/AppleIDAuthSupport
0x00007fff3dafe000 	/System/Library/Frameworks/Network.framework/Versions/A/Network
0x00007fff5c573000 	/System/Library/PrivateFrameworks/KeychainCircle.framework/Versions/A/KeychainCircle
0x00007fff36d8a000 	/System/Library/Frameworks/CoreBluetooth.framework/Versions/A/CoreBluetooth
0x00007fff664dc000 	/System/Library/PrivateFrameworks/SpeechRecognitionCore.framework/Versions/A/SpeechRecognitionCore
0x0000000108000000 	/Applications/Android Studio.app/Contents/jbr/Contents/Home/lib/server/libjvm.dylib
0x0000000106fc5000 	/Applications/Android Studio.app/Contents/jbr/Contents/Home/lib/libverify.dylib
0x000000010919c000 	/Applications/Android Studio.app/Contents/jbr/Contents/Home/lib/libjava.dylib
0x0000000106fd9000 	/Applications/Android Studio.app/Contents/jbr/Contents/Home/lib/libjimage.dylib
0x0000000109218000 	/Applications/Android Studio.app/Contents/jbr/Contents/Home/lib/libzip.dylib
0x000000010daf6000 	/Applications/Android Studio.app/Contents/jbr/Contents/Home/lib/libnio.dylib
0x000000010db12000 	/Applications/Android Studio.app/Contents/jbr/Contents/Home/lib/libnet.dylib
0x000000010db36000 	/private/var/folders/y_/j4c85pqs39s_cfr3xq2y8hh40000gn/T/libjansi-1.7.10-release-333(1.7.10)-16580994502036802772.jnilib


VM Arguments:
java_command: org.jetbrains.kotlin.cli.jvm.K2JVMCompiler @/Users/alauddinansari/StudioProjects/EHCF_Doctor/app/build/20231005_283118653207049404.compiler.options
java_class_path (initial): /Users/alauddinansari/.gradle/caches/modules-2/files-2.1/org.jetbrains.kotlin/kotlin-compiler-embeddable/1.7.10/909803167c98606fcf22b4c848647c68e351d48d/kotlin-compiler-embeddable-1.7.10.jar:/Users/alauddinansari/.gradle/caches/modules-2/files-2.1/org.jetbrains.kotlin/kotlin-reflect/1.7.10/165e600dfea6185cf5efa700756294cc4904dbeb/kotlin-reflect-1.7.10.jar:/Users/alauddinansari/.gradle/caches/modules-2/files-2.1/org.jetbrains.kotlin/kotlin-stdlib/1.7.10/d2abf9e77736acc4450dc4a3f707fa2c10f5099d/kotlin-stdlib-1.7.10.jar:/Users/alauddinansari/.gradle/caches/modules-2/files-2.1/org.jetbrains.kotlin/kotlin-script-runtime/1.7.10/c99c87a6988d8fd8d5142e9ed5c9f34a7cf561ee/kotlin-script-runtime-1.7.10.jar:/Users/alauddinansari/.gradle/caches/modules-2/files-2.1/org.jetbrains.kotlin/kotlin-daemon-embeddable/1.7.10/3a9f7aef7080d3ae63126cbba4f827ed664f32fa/kotlin-daemon-embeddable-1.7.10.jar:/Users/alauddinansari/.gradle/caches/modules-2/files-2.1/org.jetbrains.intellij.deps/trove4j/1.0.20200330/3afb14d5f9ceb459d724e907a21145e8ff394f02/trove4j-1.0.20200330.jar:/Users/alauddinansari/.gradle/caches/modules-2/files-2.1/net.java.dev.jna/jna/5.6.0/330f2244e9030119ab3030fc3fededc86713d9cc/jna-5.6.0.jar:/Users/alauddinansari/.gradle/caches/modules-2/files-2.1/org.jetbrains.kotlin/kotlin-stdlib-common/1.7.10/bac80c520d0a9e3f3673bc2658c6ed02ef45a76a/kotlin-stdlib-common-1.7.10.jar:/Users/alauddinansari/.gradle/caches/modules-2/files-2.1/org.jetbrains/annotations/13.0/919f0dfe192fb4e063e7dacadee7f8bb9a2672a9/annotations-13.0.jar
Launcher Type: SUN_STANDARD

[Global flags]
     intx CICompilerCount                          = 4                                         {product} {ergonomic}
     uint ConcGCThreads                            = 2                                         {product} {ergonomic}
     uint G1ConcRefinementThreads                  = 8                                         {product} {ergonomic}
   size_t G1HeapRegionSize                         = 1048576                                   {product} {ergonomic}
    uintx GCDrainStackTargetSize                   = 64                                        {product} {ergonomic}
   size_t InitialHeapSize                          = 134217728                                 {product} {ergonomic}
   size_t MarkStackSize                            = 4194304                                   {product} {ergonomic}
   size_t MaxHeapSize                              = 2147483648                                {product} {ergonomic}
   size_t MaxNewSize                               = 1287651328                                {product} {ergonomic}
   size_t MinHeapDeltaBytes                        = 1048576                                   {product} {ergonomic}
    uintx NonNMethodCodeHeapSize                   = 5836300                                {pd product} {ergonomic}
    uintx NonProfiledCodeHeapSize                  = 122910970                              {pd product} {ergonomic}
    uintx ProfiledCodeHeapSize                     = 122910970                              {pd product} {ergonomic}
    uintx ReservedCodeCacheSize                    = 251658240                              {pd product} {ergonomic}
     bool SegmentedCodeCache                       = true                                      {product} {ergonomic}
     bool UseCompressedClassPointers               = true                                 {lp64_product} {ergonomic}
     bool UseCompressedOops                        = true                                 {lp64_product} {ergonomic}
     bool UseG1GC                                  = true                                      {product} {ergonomic}

Logging:
Log output configuration:
 #0: stdout all=warning uptime,level,tags
 #1: stderr all=off uptime,level,tags

Environment Variables:
PATH=/usr/local/bin:/usr/bin:/bin:/usr/sbin:/sbin:/Library/Apple/usr/bin
SHELL=/bin/zsh
LC_CTYPE=en_IN.UTF-8

Signal Handlers:
SIGSEGV: [libjvm.dylib+0x7d0a90], sa_mask[0]=11111111011111110111111111111111, sa_flags=SA_ONSTACK|SA_RESTART|SA_SIGINFO
SIGBUS: [libjvm.dylib+0x7d0a90], sa_mask[0]=11111111011111110111111111111111, sa_flags=SA_RESTART|SA_SIGINFO
SIGFPE: [libjvm.dylib+0x7d0a90], sa_mask[0]=11111111011111110111111111111111, sa_flags=SA_RESTART|SA_SIGINFO
SIGPIPE: [libjvm.dylib+0x633f66], sa_mask[0]=11111111011111110111111111111111, sa_flags=SA_RESTART|SA_SIGINFO
SIGXFSZ: [libjvm.dylib+0x633f66], sa_mask[0]=11111111011111110111111111111111, sa_flags=SA_RESTART|SA_SIGINFO
SIGILL: [libjvm.dylib+0x7d0a90], sa_mask[0]=11111111011111110111111111111111, sa_flags=SA_RESTART|SA_SIGINFO
SIGUSR2: [libjvm.dylib+0x634544], sa_mask[0]=00100000000000000000000000000000, sa_flags=SA_RESTART|SA_SIGINFO
SIGHUP: [libjvm.dylib+0x633089], sa_mask[0]=11111111011111110111111111111111, sa_flags=SA_RESTART|SA_SIGINFO
SIGINT: [libjvm.dylib+0x633089], sa_mask[0]=11111111011111110111111111111111, sa_flags=SA_RESTART|SA_SIGINFO
SIGTERM: [libjvm.dylib+0x633089], sa_mask[0]=11111111011111110111111111111111, sa_flags=SA_RESTART|SA_SIGINFO
SIGQUIT: [libjvm.dylib+0x633089], sa_mask[0]=11111111011111110111111111111111, sa_flags=SA_RESTART|SA_SIGINFO


---------------  S Y S T E M  ---------------

OS:uname:Darwin 19.6.0 Darwin Kernel Version 19.6.0: Tue Jun 21 21:18:39 PDT 2022; root:xnu-6153.141.66~1/RELEASE_X86_64 x86_64
OS uptime: 0 days 4:11 hours
rlimit (soft/hard): STACK 8192k/65532k , CORE 0k/infinity , NPROC 1392/2088 , NOFILE 10240/infinity , AS infinity/infinity , CPU infinity/infinity , DATA infinity/infinity , FSIZE infinity/infinity , MEMLOCK infinity/infinity , RSS infinity/infinity
load average:5.37 4.70 3.93

CPU:total 8 (initial active 8) (4 cores per cpu, 2 threads per core) family 6 model 58 stepping 9 microcode 0x21, cmov, cx8, fxsr, mmx, sse, sse2, sse3, ssse3, sse4.1, sse4.2, popcnt, avx, aes, clmul, erms, ht, tsc, tscinvbit, tscinv

Memory: 4k page, physical 8388608k(382412k free), swap 2097152k(995072k free)

vm_info: OpenJDK 64-Bit Server VM (11.0.15+0-b2043.56-8887301) for bsd-amd64 JRE (11.0.15+0-b2043.56-8887301), built on Jul 29 2022 15:23:02 by "androidbuild" with gcc Android (7284624, based on r416183b) Clang 12.0.5 (https://android.googlesource.com/toolchain/llvm-project c935d99d7cf2016289302412d708641d52d2f7ee)

END.
