#
# A fatal error has been detected by the Java Runtime Environment:
#
#  SIGSEGV (0xb) at pc=0x000000010e1453c6, pid=14430, tid=40963
#
# JRE version: OpenJDK Runtime Environment (11.0.15) (build 11.0.15+0-b2043.56-8887301)
# Java VM: OpenJDK 64-Bit Server VM (11.0.15+0-b2043.56-8887301, mixed mode, tiered, compressed oops, g1 gc, bsd-amd64)
# Problematic frame:
# V  [libjvm.dylib+0x3453c6]  G1ParScanThreadState::copy_to_survivor_space(InCSetState, oopDesc*, markOopDesc*)+0x44
#
# No core dump will be written. Core dumps have been disabled. To enable core dumping, try "ulimit -c unlimited" before starting Java again
#
# If you would like to submit a bug report, please visit:
#   https://bugreport.java.com/bugreport/crash.jsp
#

---------------  S U M M A R Y ------------

Command Line: --add-opens=java.base/java.util=ALL-UNNAMED --add-opens=java.base/java.lang=ALL-UNNAMED --add-opens=java.base/java.lang.invoke=ALL-UNNAMED --add-opens=java.base/java.util=ALL-UNNAMED --add-opens=java.prefs/java.util.prefs=ALL-UNNAMED --add-opens=java.prefs/java.util.prefs=ALL-UNNAMED --add-opens=java.base/java.nio.charset=ALL-UNNAMED --add-opens=java.base/java.net=ALL-UNNAMED --add-opens=java.base/java.util.concurrent.atomic=ALL-UNNAMED -Xmx2048m -Dfile.encoding=UTF-8 -Duser.country=IN -Duser.language=en -Duser.variant org.gradle.launcher.daemon.bootstrap.GradleDaemon 7.3.3

Host: MacBookPro9,1 x86_64 2300 MHz, 8 cores, 8G, Darwin 19.6.0
Time: Sat Dec  2 17:41:18 2023 IST elapsed time: 9.519923 seconds (0d 0h 0m 9s)

---------------  T H R E A D  ---------------

Current thread (0x00007fc8b600a800):  GCTaskThread "GC Thread#1" [stack: 0x0000700002a09000,0x0000700002b09000] [id=40963]

Stack: [0x0000700002a09000,0x0000700002b09000],  sp=0x0000700002b08ba0,  free space=1022k
Native frames: (J=compiled Java code, A=aot compiled Java code, j=interpreted, Vv=VM code, C=native code)
V  [libjvm.dylib+0x3453c6]  G1ParScanThreadState::copy_to_survivor_space(InCSetState, oopDesc*, markOopDesc*)+0x44
V  [libjvm.dylib+0x355f1d]  void G1ParCopyClosure<(G1Barrier)0, (G1Mark)0>::do_oop_work<oopDesc*>(oopDesc**)+0xad
V  [libjvm.dylib+0x71ef70]  StringTable::possibly_parallel_oops_do(OopStorage::ParState<false, false>*, OopClosure*)+0x70
V  [libjvm.dylib+0x3582b1]  G1RootProcessor::process_string_table_roots(G1RootClosures*, G1GCPhaseTimes*, unsigned int)+0x3f
V  [libjvm.dylib+0x357e98]  G1RootProcessor::evacuate_roots(G1ParScanThreadState*, unsigned int)+0x94
V  [libjvm.dylib+0x31d0df]  G1ParTask::work(unsigned int)+0xc5
V  [libjvm.dylib+0x7f7483]  GangWorker::loop()+0x43
V  [libjvm.dylib+0x787a46]  Thread::call_run()+0x68
V  [libjvm.dylib+0x631dbb]  thread_native_entry(Thread*)+0x12d
C  [libsystem_pthread.dylib+0x6109]  _pthread_start+0x94
C  [libsystem_pthread.dylib+0x1b8b]  thread_start+0xf


siginfo: si_signo: 11 (SIGSEGV), si_code: 1 (SEGV_MAPERR), si_addr: 0x00000008f00f5303

Register to memory mapping:

RAX=0x000000010e7b13a0: _ZN8Universe13_narrow_klassE+0 in /Applications/Android Studio.app/Contents/jbr/Contents/Home/lib/server/libjvm.dylib at 0x000000010de00000
RBX=0x00007fc8b755cb60 points into unknown readable memory: 0x000000010e76eef0 | f0 ee 76 0e 01 00 00 00
RCX=0x0 is NULL
RDX=0x0000000785f9ea01 points into unknown readable memory: 49 6e 73 70 65 63 74
RSP=0x0000700002b08ba0 points into unknown readable memory: 0x0000000000000040 | 40 00 00 00 00 00 00 00
RBP=0x0000700002b08c10 points into unknown readable memory: 0x0000700002b08c40 | 40 8c b0 02 00 70 00 00
RSI=0x0000000000000001 is an unknown value
RDI=0x00000008f00f52fb is an unknown value
R8 =0x0 is NULL
R9 =0x0000000000000003 is an unknown value
R10=0x0000700002d0eb48 is pointing into the stack for thread: 0x00007fc8b4853800
R11=0xfffffffffcda9b40 is an unknown value
R12=0x0000000000000001 is an unknown value
R13=0x0000000000000005 is an unknown value
R14=0x00007fc8b755d1f8 points into unknown readable memory: 0x000000010e76f360 | 60 f3 76 0e 01 00 00 00
R15=0x0000000785f9ea48 points into unknown readable memory: 0x0000000000000005 | 05 00 00 00 00 00 00 00


Registers:
RAX=0x000000010e7b13a0, RBX=0x00007fc8b755cb60, RCX=0x0000000000000000, RDX=0x0000000785f9ea01
RSP=0x0000700002b08ba0, RBP=0x0000700002b08c10, RSI=0x0000000000000001, RDI=0x00000008f00f52fb
R8 =0x0000000000000000, R9 =0x0000000000000003, R10=0x0000700002d0eb48, R11=0xfffffffffcda9b40
R12=0x0000000000000001, R13=0x0000000000000005, R14=0x00007fc8b755d1f8, R15=0x0000000785f9ea48
RIP=0x000000010e1453c6, EFLAGS=0x0000000000010202, ERR=0x0000000000000004
  TRAPNO=0x000000000000000e

Top of Stack: (sp=0x0000700002b08ba0)
0x0000700002b08ba0:   0000000000000040 00007fc8b755cb60
0x0000700002b08bb0:   00000001b755cb60 000000000000001f
0x0000700002b08bc0:   0000000000000005 000000078328ba50
0x0000700002b08bd0:   000000000000000d 0000000000000003
0x0000700002b08be0:   0000700002b08b01 00007fc8b755d101
0x0000700002b08bf0:   0000000000000043 00007fc8b3734e00
0x0000700002b08c00:   00007fc8b755d1f8 00007fc8b3734f60
0x0000700002b08c10:   0000700002b08c40 000000010e155f1d
0x0000700002b08c20:   00007fc8b755d1f8 0000000000000043
0x0000700002b08c30:   0000100000000000 fffff00000000000
0x0000700002b08c40:   0000700002b08ca0 000000010e51ef70
0x0000700002b08c50:   000000000000003c 0000000000000046
0x0000700002b08c60:   0000000000000014 000000010e59727a
0x0000700002b08c70:   0000700001fe4658 0000700001fe4658
0x0000700002b08c80:   0000700001fe44e0 00007fc8b3512110
0x0000700002b08c90:   00007fc8b755d1f0 0000700002b08cb8
0x0000700002b08ca0:   0000700002b08d00 000000010e1582b1
0x0000700002b08cb0:   000000010e76e828 000000010e76e828
0x0000700002b08cc0:   00000002358b6366 00000004fcdacb16
0x0000700002b08cd0:   00007fc800000003 00007fc8b3512110
0x0000700002b08ce0:   00007fc800000004 00007fc8b755d1f0
0x0000700002b08cf0:   0000700001fe4638 0000000000000004
0x0000700002b08d00:   0000700002b08df0 000000010e157e98
0x0000700002b08d10:   000000010e76e848 0000000235809c36
0x0000700002b08d20:   00000004fcc20ff7 0000000000000001
0x0000700002b08d30:   00007fc8b3512110 00007fc800000004
0x0000700002b08d40:   0000000000000000 0000000000000000
0x0000700002b08d50:   0000000000000000 0000000000000000
0x0000700002b08d60:   00007fc8b755cb60 0000000235809ccb
0x0000700002b08d70:   00000004fcc210c2 0000700002b08d40
0x0000700002b08d80:   0000700002b08d50 0000700001fe4800
0x0000700002b08d90:   0000000000000004 0000000000000000 

Instructions: (pc=0x000000010e1453c6)
0x000000010e1452c6:   49 89 ca 48 8b 47 60 48 0f be ce 48 8b 84 c8 10
0x000000010e1452d6:   01 00 00 4c 39 48 28 77 33 4c 39 48 40 76 2d 48
0x000000010e1452e6:   8b 4f 08 48 8b b9 d8 04 00 00 48 8d 0d 82 fa 68
0x000000010e1452f6:   00 80 39 00 74 61 8b 52 08 4c 8d 0d 9a c0 66 00
0x000000010e145306:   41 8a 49 08 48 d3 e2 49 03 11 eb 4f 48 8b 47 08
0x000000010e145316:   48 8b b8 d8 04 00 00 48 8d 05 55 fa 68 00 80 38
0x000000010e145326:   00 74 15 8b 52 08 48 8d 05 6d c0 66 00 8a 48 08
0x000000010e145336:   48 d3 e2 48 03 10 eb 04 48 8b 52 08 31 c0 40 80
0x000000010e145346:   fe 02 0f 94 c0 48 89 d6 4c 89 d2 44 89 c1 41 89
0x000000010e145356:   c0 5d e9 9f bb 01 00 48 8b 52 08 45 31 db 40 80
0x000000010e145366:   fe 02 41 0f 94 c3 4c 8b 48 20 48 89 d6 4c 89 d2
0x000000010e145376:   44 89 c1 45 89 d8 5d e9 70 bb 01 00 55 48 89 e5
0x000000010e145386:   41 57 41 56 41 55 41 54 53 48 83 ec 48 49 89 cd
0x000000010e145396:   49 89 d7 41 89 f4 48 89 fb 48 8d 05 d3 f9 68 00
0x000000010e1453a6:   8a 10 84 d2 74 16 41 8b 7f 08 48 8d 05 e9 bf 66
0x000000010e1453b6:   00 8a 48 08 48 d3 e7 48 03 38 eb 04 49 8b 7f 08
0x000000010e1453c6:   8b 47 08 85 c0 7e 09 a8 01 75 09 c1 e8 03 eb 46
0x000000010e1453d6:   85 c0 78 0e 48 8b 07 4c 89 fe ff 90 10 01 00 00
0x000000010e1453e6:   eb 34 31 c9 84 d2 0f 94 c1 49 63 54 8f 0c 89 c1
0x000000010e1453f6:   48 d3 e2 c1 e8 10 0f b6 c8 48 01 d1 48 8d 05 4b
0x000000010e145406:   d9 64 00 48 63 00 48 01 c1 48 ff c9 48 f7 d8 48
0x000000010e145416:   21 c8 48 c1 e8 03 48 8b 53 08 8a 8a c0 02 00 00
0x000000010e145426:   4c 89 fe 48 d3 ee 48 8b 8a b0 02 00 00 48 8b 0c
0x000000010e145436:   f1 48 63 91 40 01 00 00 45 31 c0 41 80 fc 01 48
0x000000010e145446:   89 55 a8 75 2d 4d 89 e8 41 f6 c5 01 75 0a 4c 89
0x000000010e145456:   e9 48 83 e1 fd 4c 8b 01 41 c1 e8 03 41 83 e0 0f
0x000000010e145466:   44 3b 83 6c 01 00 00 73 09 c6 45 d0 01 41 b6 01
0x000000010e145476:   eb 35 49 0f be cc 44 8a b4 0b 68 01 00 00 44 88
0x000000010e145486:   75 d0 41 80 fe 02 75 1f 80 bb c8 01 00 00 00 74
0x000000010e145496:   16 48 89 df 4c 89 fe 4c 89 ea e8 d3 03 00 00 49
0x000000010e1454a6:   89 c5 e9 a9 03 00 00 4c 89 6d b0 44 89 65 a4 4c
0x000000010e1454b6:   63 c8 48 89 5d 98 48 8b 4b 60 49 0f be d6 4c 8b 


Stack slot to memory mapping:
stack at sp + 0 slots: 64 is a compressed pointer to class: 0x0000000800000040
stack at sp + 1 slots: 0x00007fc8b755cb60 points into unknown readable memory: 0x000000010e76eef0 | f0 ee 76 0e 01 00 00 00
stack at sp + 2 slots: 0x00000001b755cb60 is an unknown value
stack at sp + 3 slots: 0x000000000000001f is an unknown value
stack at sp + 4 slots: 0x0000000000000005 is an unknown value
stack at sp + 5 slots: 0x000000078328ba50 is an oop: java.lang.String 
{0x000000078328ba50} - klass: 'java/lang/String'
stack at sp + 6 slots: 0x000000000000000d is an unknown value
stack at sp + 7 slots: 0x0000000000000003 is an unknown value


---------------  P R O C E S S  ---------------

Threads class SMR info:
_java_thread_list=0x00007fc8b3750860, length=19, elements={
0x00007fc8b4010800, 0x00007fc8b4041800, 0x00007fc8b4044800, 0x00007fc8b404d800,
0x00007fc8b5044800, 0x00007fc8b404b000, 0x00007fc8b3808800, 0x00007fc8b486d000,
0x00007fc8b3814800, 0x00007fc8b4853800, 0x00007fc8b79a8800, 0x00007fc8b78cb000,
0x00007fc8b8ab9000, 0x00007fc8b5217000, 0x00007fc8b79cd800, 0x00007fc8b4085800,
0x00007fc8b524d000, 0x00007fc8b521a000, 0x00007fc8b7814800
}

Java Threads: ( => current thread )
  0x00007fc8b4010800 JavaThread "main" [_thread_blocked, id=6147, stack(0x00007000018d3000,0x00007000019d3000)]
  0x00007fc8b4041800 JavaThread "Reference Handler" daemon [_thread_blocked, id=17923, stack(0x0000700001fe8000,0x00007000020e8000)]
  0x00007fc8b4044800 JavaThread "Finalizer" daemon [_thread_blocked, id=17155, stack(0x00007000020eb000,0x00007000021eb000)]
  0x00007fc8b404d800 JavaThread "Signal Dispatcher" daemon [_thread_blocked, id=14851, stack(0x00007000022f4000,0x00007000023f4000)]
  0x00007fc8b5044800 JavaThread "Service Thread" daemon [_thread_blocked, id=43011, stack(0x00007000023f7000,0x00007000024f7000)]
  0x00007fc8b404b000 JavaThread "C2 CompilerThread0" daemon [_thread_blocked, id=42499, stack(0x00007000024fa000,0x00007000025fa000)]
  0x00007fc8b3808800 JavaThread "C1 CompilerThread0" daemon [_thread_blocked, id=22531, stack(0x00007000025fd000,0x00007000026fd000)]
  0x00007fc8b486d000 JavaThread "Sweeper thread" daemon [_thread_blocked, id=41475, stack(0x0000700002700000,0x0000700002800000)]
  0x00007fc8b3814800 JavaThread "Common-Cleaner" daemon [_thread_blocked, id=41219, stack(0x0000700002803000,0x0000700002903000)]
  0x00007fc8b4853800 JavaThread "Daemon health stats" [_thread_blocked, id=24323, stack(0x0000700002c0f000,0x0000700002d0f000)]
  0x00007fc8b79a8800 JavaThread "Incoming local TCP Connector on port 50442" [_thread_in_native, id=24579, stack(0x0000700002d12000,0x0000700002e12000)]
  0x00007fc8b78cb000 JavaThread "Daemon" [_thread_blocked, id=25091, stack(0x0000700002e15000,0x0000700002f15000)]
  0x00007fc8b8ab9000 JavaThread "Daemon periodic checks" [_thread_blocked, id=39427, stack(0x0000700002f18000,0x0000700003018000)]
  0x00007fc8b5217000 JavaThread "Handler for socket connection from /127.0.0.1:50442 to /127.0.0.1:50444" [_thread_in_native, id=39171, stack(0x000070000301b000,0x000070000311b000)]
  0x00007fc8b79cd800 JavaThread "Cancel handler" [_thread_blocked, id=26627, stack(0x000070000311e000,0x000070000321e000)]
  0x00007fc8b4085800 JavaThread "Daemon worker" [_thread_blocked, id=38659, stack(0x0000700003221000,0x0000700003321000)]
  0x00007fc8b524d000 JavaThread "Asynchronous log dispatcher for DefaultDaemonConnection: socket connection from /127.0.0.1:50442 to /127.0.0.1:50444" [_thread_blocked, id=38147, stack(0x0000700003324000,0x0000700003424000)]
  0x00007fc8b521a000 JavaThread "Stdin handler" [_thread_blocked, id=37891, stack(0x0000700003427000,0x0000700003527000)]
  0x00007fc8b7814800 JavaThread "Daemon client event forwarder" [_thread_blocked, id=37123, stack(0x000070000352a000,0x000070000362a000)]

Other Threads:
  0x00007fc8b7810000 VMThread "VM Thread" [stack: 0x0000700001ee5000,0x0000700001fe5000] [id=18691]
  0x00007fc8b780d000 WatcherThread [stack: 0x0000700002906000,0x0000700002a06000] [id=23555]
  0x00007fc8b4011000 GCTaskThread "GC Thread#0" [stack: 0x00007000019d6000,0x0000700001ad6000] [id=20995]
=>0x00007fc8b600a800 GCTaskThread "GC Thread#1" [stack: 0x0000700002a09000,0x0000700002b09000] [id=40963]
  0x00007fc8b502b800 GCTaskThread "GC Thread#2" [stack: 0x0000700002b0c000,0x0000700002c0c000] [id=40451]
  0x00007fc8b3a26800 GCTaskThread "GC Thread#3" [stack: 0x000070000362d000,0x000070000372d000] [id=36867]
  0x00007fc8b4a88000 GCTaskThread "GC Thread#4" [stack: 0x0000700003730000,0x0000700003830000] [id=36611]
  0x00007fc8b51eb000 GCTaskThread "GC Thread#5" [stack: 0x0000700003833000,0x0000700003933000] [id=28931]
  0x00007fc8b8aba000 GCTaskThread "GC Thread#6" [stack: 0x0000700003936000,0x0000700003a36000] [id=29187]
  0x00007fc8b51ab800 GCTaskThread "GC Thread#7" [stack: 0x0000700003a39000,0x0000700003b39000] [id=36099]
  0x00007fc8b403f800 ConcurrentGCThread "G1 Main Marker" [stack: 0x0000700001ad9000,0x0000700001bd9000] [id=11779]
  0x00007fc8b5009000 ConcurrentGCThread "G1 Conc#0" [stack: 0x0000700001bdc000,0x0000700001cdc000] [id=12547]
  0x00007fc8b484c800 ConcurrentGCThread "G1 Refine#0" [stack: 0x0000700001cdf000,0x0000700001ddf000] [id=12803]
  0x00007fc8b484d000 ConcurrentGCThread "G1 Young RemSet Sampling" [stack: 0x0000700001de2000,0x0000700001ee2000] [id=19971]

Threads with active compile tasks:

VM state:at safepoint (normal execution)

VM Mutex/Monitor currently owned by a thread:  ([mutex/lock_event])
[0x00007fc8b36081e0] Threads_lock - owner thread: 0x00007fc8b7810000
[0x00007fc8b36088e0] Heap_lock - owner thread: 0x00007fc8b4085800

Heap address: 0x0000000780000000, size: 2048 MB, Compressed Oops mode: Zero based, Oop shift amount: 3
Narrow klass base: 0x0000000800000000, Narrow klass shift: 0
Compressed class space size: 1073741824 Address: 0x0000000800000000

Heap:
 garbage-first heap   total 131072K, used 85083K [0x0000000780000000, 0x0000000800000000)
  region size 1024K, 83 young (84992K), 10 survivors (10240K)
 Metaspace       used 19279K, capacity 19647K, committed 19968K, reserved 1067008K
  class space    used 2316K, capacity 2463K, committed 2560K, reserved 1048576K
Heap Regions: E=young(eden), S=young(survivor), O=old, HS=humongous(starts), HC=humongous(continues), CS=collection set, F=free, A=archive, TAMS=top-at-mark-start (previous, next)
|   0|0x0000000780000000, 0x0000000780100000, 0x0000000780100000|100%|HS|  |TAMS 0x0000000780000000, 0x0000000780000000| Complete 
|   1|0x0000000780100000, 0x0000000780100000, 0x0000000780200000|  0%| F|  |TAMS 0x0000000780100000, 0x0000000780100000| Untracked 
|   2|0x0000000780200000, 0x0000000780200000, 0x0000000780300000|  0%| F|  |TAMS 0x0000000780200000, 0x0000000780200000| Untracked 
|   3|0x0000000780300000, 0x0000000780400000, 0x0000000780400000|100%|HS|  |TAMS 0x0000000780300000, 0x0000000780300000| Complete 
|   4|0x0000000780400000, 0x0000000780500000, 0x0000000780500000|100%|HC|  |TAMS 0x0000000780400000, 0x0000000780400000| Complete 
|   5|0x0000000780500000, 0x0000000780600000, 0x0000000780600000|100%|HC|  |TAMS 0x0000000780500000, 0x0000000780500000| Complete 
|   6|0x0000000780600000, 0x0000000780700000, 0x0000000780700000|100%| O|  |TAMS 0x0000000780600000, 0x0000000780600000| Untracked 
|   7|0x0000000780700000, 0x0000000780800000, 0x0000000780800000|100%| O|  |TAMS 0x0000000780700000, 0x0000000780700000| Untracked 
|   8|0x0000000780800000, 0x0000000780900000, 0x0000000780900000|100%| O|  |TAMS 0x0000000780800000, 0x0000000780800000| Untracked 
|   9|0x0000000780900000, 0x0000000780916c00, 0x0000000780a00000|  8%| O|  |TAMS 0x0000000780900000, 0x0000000780900000| Untracked 
|  10|0x0000000780a00000, 0x0000000780a00000, 0x0000000780b00000|  0%| F|  |TAMS 0x0000000780a00000, 0x0000000780a00000| Untracked 
|  11|0x0000000780b00000, 0x0000000780b00000, 0x0000000780c00000|  0%| F|  |TAMS 0x0000000780b00000, 0x0000000780b00000| Untracked 
|  12|0x0000000780c00000, 0x0000000780c00000, 0x0000000780d00000|  0%| F|  |TAMS 0x0000000780c00000, 0x0000000780c00000| Untracked 
|  13|0x0000000780d00000, 0x0000000780d00000, 0x0000000780e00000|  0%| F|  |TAMS 0x0000000780d00000, 0x0000000780d00000| Untracked 
|  14|0x0000000780e00000, 0x0000000780e00000, 0x0000000780f00000|  0%| F|  |TAMS 0x0000000780e00000, 0x0000000780e00000| Untracked 
|  15|0x0000000780f00000, 0x0000000780f00000, 0x0000000781000000|  0%| F|  |TAMS 0x0000000780f00000, 0x0000000780f00000| Untracked 
|  16|0x0000000781000000, 0x0000000781000000, 0x0000000781100000|  0%| F|  |TAMS 0x0000000781000000, 0x0000000781000000| Untracked 
|  17|0x0000000781100000, 0x0000000781100000, 0x0000000781200000|  0%| F|  |TAMS 0x0000000781100000, 0x0000000781100000| Untracked 
|  18|0x0000000781200000, 0x0000000781200000, 0x0000000781300000|  0%| F|  |TAMS 0x0000000781200000, 0x0000000781200000| Untracked 
|  19|0x0000000781300000, 0x0000000781300000, 0x0000000781400000|  0%| F|  |TAMS 0x0000000781300000, 0x0000000781300000| Untracked 
|  20|0x0000000781400000, 0x0000000781400000, 0x0000000781500000|  0%| F|  |TAMS 0x0000000781400000, 0x0000000781400000| Untracked 
|  21|0x0000000781500000, 0x0000000781500000, 0x0000000781600000|  0%| F|  |TAMS 0x0000000781500000, 0x0000000781500000| Untracked 
|  22|0x0000000781600000, 0x0000000781600000, 0x0000000781700000|  0%| F|  |TAMS 0x0000000781600000, 0x0000000781600000| Untracked 
|  23|0x0000000781700000, 0x0000000781700000, 0x0000000781800000|  0%| F|  |TAMS 0x0000000781700000, 0x0000000781700000| Untracked 
|  24|0x0000000781800000, 0x0000000781800000, 0x0000000781900000|  0%| F|  |TAMS 0x0000000781800000, 0x0000000781800000| Untracked 
|  25|0x0000000781900000, 0x0000000781900000, 0x0000000781a00000|  0%| F|  |TAMS 0x0000000781900000, 0x0000000781900000| Untracked 
|  26|0x0000000781a00000, 0x0000000781a00000, 0x0000000781b00000|  0%| F|  |TAMS 0x0000000781a00000, 0x0000000781a00000| Untracked 
|  27|0x0000000781b00000, 0x0000000781b00000, 0x0000000781c00000|  0%| F|  |TAMS 0x0000000781b00000, 0x0000000781b00000| Untracked 
|  28|0x0000000781c00000, 0x0000000781c00000, 0x0000000781d00000|  0%| F|  |TAMS 0x0000000781c00000, 0x0000000781c00000| Untracked 
|  29|0x0000000781d00000, 0x0000000781d00000, 0x0000000781e00000|  0%| F|  |TAMS 0x0000000781d00000, 0x0000000781d00000| Untracked 
|  30|0x0000000781e00000, 0x0000000781e00000, 0x0000000781f00000|  0%| F|  |TAMS 0x0000000781e00000, 0x0000000781e00000| Untracked 
|  31|0x0000000781f00000, 0x0000000781f00000, 0x0000000782000000|  0%| F|  |TAMS 0x0000000781f00000, 0x0000000781f00000| Untracked 
|  32|0x0000000782000000, 0x0000000782000000, 0x0000000782100000|  0%| F|  |TAMS 0x0000000782000000, 0x0000000782000000| Untracked 
|  33|0x0000000782100000, 0x0000000782100000, 0x0000000782200000|  0%| F|  |TAMS 0x0000000782100000, 0x0000000782100000| Untracked 
|  34|0x0000000782200000, 0x0000000782200000, 0x0000000782300000|  0%| F|  |TAMS 0x0000000782200000, 0x0000000782200000| Untracked 
|  35|0x0000000782300000, 0x0000000782300000, 0x0000000782400000|  0%| F|  |TAMS 0x0000000782300000, 0x0000000782300000| Untracked 
|  36|0x0000000782400000, 0x0000000782400000, 0x0000000782500000|  0%| F|  |TAMS 0x0000000782400000, 0x0000000782400000| Untracked 
|  37|0x0000000782500000, 0x0000000782500000, 0x0000000782600000|  0%| F|  |TAMS 0x0000000782500000, 0x0000000782500000| Untracked 
|  38|0x0000000782600000, 0x0000000782600000, 0x0000000782700000|  0%| F|  |TAMS 0x0000000782600000, 0x0000000782600000| Untracked 
|  39|0x0000000782700000, 0x0000000782700000, 0x0000000782800000|  0%| F|  |TAMS 0x0000000782700000, 0x0000000782700000| Untracked 
|  40|0x0000000782800000, 0x0000000782800000, 0x0000000782900000|  0%| F|  |TAMS 0x0000000782800000, 0x0000000782800000| Untracked 
|  41|0x0000000782900000, 0x0000000782900000, 0x0000000782a00000|  0%| F|  |TAMS 0x0000000782900000, 0x0000000782900000| Untracked 
|  42|0x0000000782a00000, 0x0000000782a3b920, 0x0000000782b00000| 23%| S|  |TAMS 0x0000000782a00000, 0x0000000782a00000| Complete 
|  43|0x0000000782b00000, 0x0000000782c00000, 0x0000000782c00000|100%| S|  |TAMS 0x0000000782b00000, 0x0000000782b00000| Complete 
|  44|0x0000000782c00000, 0x0000000782d00000, 0x0000000782d00000|100%| S|  |TAMS 0x0000000782c00000, 0x0000000782c00000| Complete 
|  45|0x0000000782d00000, 0x0000000782e00000, 0x0000000782e00000|100%| S|  |TAMS 0x0000000782d00000, 0x0000000782d00000| Complete 
|  46|0x0000000782e00000, 0x0000000782f00000, 0x0000000782f00000|100%| S|  |TAMS 0x0000000782e00000, 0x0000000782e00000| Complete 
|  47|0x0000000782f00000, 0x0000000783000000, 0x0000000783000000|100%| S|  |TAMS 0x0000000782f00000, 0x0000000782f00000| Complete 
|  48|0x0000000783000000, 0x0000000783100000, 0x0000000783100000|100%| S|  |TAMS 0x0000000783000000, 0x0000000783000000| Complete 
|  49|0x0000000783100000, 0x0000000783200000, 0x0000000783200000|100%| S|  |TAMS 0x0000000783100000, 0x0000000783100000| Complete 
|  50|0x0000000783200000, 0x0000000783300000, 0x0000000783300000|100%| S|  |TAMS 0x0000000783200000, 0x0000000783200000| Complete 
|  51|0x0000000783300000, 0x0000000783400000, 0x0000000783400000|100%| S|  |TAMS 0x0000000783300000, 0x0000000783300000| Complete 
|  52|0x0000000783400000, 0x0000000783500000, 0x0000000783500000|100%| E|CS|TAMS 0x0000000783400000, 0x0000000783400000| Complete 
|  53|0x0000000783500000, 0x0000000783600000, 0x0000000783600000|100%| E|CS|TAMS 0x0000000783500000, 0x0000000783500000| Complete 
|  54|0x0000000783600000, 0x0000000783700000, 0x0000000783700000|100%| E|CS|TAMS 0x0000000783600000, 0x0000000783600000| Complete 
|  55|0x0000000783700000, 0x0000000783800000, 0x0000000783800000|100%| E|CS|TAMS 0x0000000783700000, 0x0000000783700000| Complete 
|  56|0x0000000783800000, 0x0000000783900000, 0x0000000783900000|100%| E|CS|TAMS 0x0000000783800000, 0x0000000783800000| Complete 
|  57|0x0000000783900000, 0x0000000783a00000, 0x0000000783a00000|100%| E|CS|TAMS 0x0000000783900000, 0x0000000783900000| Complete 
|  58|0x0000000783a00000, 0x0000000783b00000, 0x0000000783b00000|100%| E|CS|TAMS 0x0000000783a00000, 0x0000000783a00000| Complete 
|  59|0x0000000783b00000, 0x0000000783c00000, 0x0000000783c00000|100%| E|CS|TAMS 0x0000000783b00000, 0x0000000783b00000| Complete 
|  60|0x0000000783c00000, 0x0000000783d00000, 0x0000000783d00000|100%| E|CS|TAMS 0x0000000783c00000, 0x0000000783c00000| Complete 
|  61|0x0000000783d00000, 0x0000000783e00000, 0x0000000783e00000|100%| E|CS|TAMS 0x0000000783d00000, 0x0000000783d00000| Complete 
|  62|0x0000000783e00000, 0x0000000783f00000, 0x0000000783f00000|100%| E|CS|TAMS 0x0000000783e00000, 0x0000000783e00000| Complete 
|  63|0x0000000783f00000, 0x0000000784000000, 0x0000000784000000|100%| E|CS|TAMS 0x0000000783f00000, 0x0000000783f00000| Complete 
|  64|0x0000000784000000, 0x0000000784100000, 0x0000000784100000|100%| E|CS|TAMS 0x0000000784000000, 0x0000000784000000| Complete 
|  65|0x0000000784100000, 0x0000000784200000, 0x0000000784200000|100%| E|CS|TAMS 0x0000000784100000, 0x0000000784100000| Complete 
|  66|0x0000000784200000, 0x0000000784300000, 0x0000000784300000|100%| E|CS|TAMS 0x0000000784200000, 0x0000000784200000| Complete 
|  67|0x0000000784300000, 0x0000000784400000, 0x0000000784400000|100%| E|CS|TAMS 0x0000000784300000, 0x0000000784300000| Complete 
|  68|0x0000000784400000, 0x0000000784500000, 0x0000000784500000|100%| E|CS|TAMS 0x0000000784400000, 0x0000000784400000| Complete 
|  69|0x0000000784500000, 0x0000000784600000, 0x0000000784600000|100%| E|CS|TAMS 0x0000000784500000, 0x0000000784500000| Complete 
|  70|0x0000000784600000, 0x0000000784700000, 0x0000000784700000|100%| E|CS|TAMS 0x0000000784600000, 0x0000000784600000| Complete 
|  71|0x0000000784700000, 0x0000000784800000, 0x0000000784800000|100%| E|CS|TAMS 0x0000000784700000, 0x0000000784700000| Complete 
|  72|0x0000000784800000, 0x0000000784900000, 0x0000000784900000|100%| E|CS|TAMS 0x0000000784800000, 0x0000000784800000| Complete 
|  73|0x0000000784900000, 0x0000000784a00000, 0x0000000784a00000|100%| E|CS|TAMS 0x0000000784900000, 0x0000000784900000| Complete 
|  74|0x0000000784a00000, 0x0000000784b00000, 0x0000000784b00000|100%| E|CS|TAMS 0x0000000784a00000, 0x0000000784a00000| Complete 
|  75|0x0000000784b00000, 0x0000000784c00000, 0x0000000784c00000|100%| E|CS|TAMS 0x0000000784b00000, 0x0000000784b00000| Complete 
|  76|0x0000000784c00000, 0x0000000784d00000, 0x0000000784d00000|100%| E|CS|TAMS 0x0000000784c00000, 0x0000000784c00000| Complete 
|  77|0x0000000784d00000, 0x0000000784e00000, 0x0000000784e00000|100%| E|CS|TAMS 0x0000000784d00000, 0x0000000784d00000| Complete 
|  78|0x0000000784e00000, 0x0000000784f00000, 0x0000000784f00000|100%| E|CS|TAMS 0x0000000784e00000, 0x0000000784e00000| Complete 
|  79|0x0000000784f00000, 0x0000000785000000, 0x0000000785000000|100%| E|CS|TAMS 0x0000000784f00000, 0x0000000784f00000| Complete 
|  80|0x0000000785000000, 0x0000000785100000, 0x0000000785100000|100%| E|CS|TAMS 0x0000000785000000, 0x0000000785000000| Complete 
|  81|0x0000000785100000, 0x0000000785200000, 0x0000000785200000|100%| E|CS|TAMS 0x0000000785100000, 0x0000000785100000| Complete 
|  82|0x0000000785200000, 0x0000000785300000, 0x0000000785300000|100%| E|CS|TAMS 0x0000000785200000, 0x0000000785200000| Complete 
|  83|0x0000000785300000, 0x0000000785400000, 0x0000000785400000|100%| E|CS|TAMS 0x0000000785300000, 0x0000000785300000| Complete 
|  84|0x0000000785400000, 0x0000000785500000, 0x0000000785500000|100%| E|CS|TAMS 0x0000000785400000, 0x0000000785400000| Complete 
|  85|0x0000000785500000, 0x0000000785600000, 0x0000000785600000|100%| E|CS|TAMS 0x0000000785500000, 0x0000000785500000| Complete 
|  86|0x0000000785600000, 0x0000000785700000, 0x0000000785700000|100%| E|CS|TAMS 0x0000000785600000, 0x0000000785600000| Complete 
|  87|0x0000000785700000, 0x0000000785800000, 0x0000000785800000|100%| E|CS|TAMS 0x0000000785700000, 0x0000000785700000| Complete 
|  88|0x0000000785800000, 0x0000000785900000, 0x0000000785900000|100%| E|CS|TAMS 0x0000000785800000, 0x0000000785800000| Complete 
|  89|0x0000000785900000, 0x0000000785a00000, 0x0000000785a00000|100%| E|CS|TAMS 0x0000000785900000, 0x0000000785900000| Complete 
|  90|0x0000000785a00000, 0x0000000785b00000, 0x0000000785b00000|100%| E|CS|TAMS 0x0000000785a00000, 0x0000000785a00000| Complete 
|  91|0x0000000785b00000, 0x0000000785c00000, 0x0000000785c00000|100%| E|CS|TAMS 0x0000000785b00000, 0x0000000785b00000| Complete 
|  92|0x0000000785c00000, 0x0000000785d00000, 0x0000000785d00000|100%| E|CS|TAMS 0x0000000785c00000, 0x0000000785c00000| Complete 
|  93|0x0000000785d00000, 0x0000000785e00000, 0x0000000785e00000|100%| E|CS|TAMS 0x0000000785d00000, 0x0000000785d00000| Complete 
|  94|0x0000000785e00000, 0x0000000785f00000, 0x0000000785f00000|100%| E|CS|TAMS 0x0000000785e00000, 0x0000000785e00000| Complete 
|  95|0x0000000785f00000, 0x0000000786000000, 0x0000000786000000|100%| E|CS|TAMS 0x0000000785f00000, 0x0000000785f00000| Complete 
|  96|0x0000000786000000, 0x0000000786100000, 0x0000000786100000|100%| E|CS|TAMS 0x0000000786000000, 0x0000000786000000| Complete 
|  97|0x0000000786100000, 0x0000000786200000, 0x0000000786200000|100%| E|CS|TAMS 0x0000000786100000, 0x0000000786100000| Complete 
|  98|0x0000000786200000, 0x0000000786300000, 0x0000000786300000|100%| E|CS|TAMS 0x0000000786200000, 0x0000000786200000| Complete 
|  99|0x0000000786300000, 0x0000000786400000, 0x0000000786400000|100%| E|CS|TAMS 0x0000000786300000, 0x0000000786300000| Complete 
| 100|0x0000000786400000, 0x0000000786500000, 0x0000000786500000|100%| E|CS|TAMS 0x0000000786400000, 0x0000000786400000| Complete 
| 101|0x0000000786500000, 0x0000000786600000, 0x0000000786600000|100%| E|CS|TAMS 0x0000000786500000, 0x0000000786500000| Complete 
| 102|0x0000000786600000, 0x0000000786700000, 0x0000000786700000|100%| E|CS|TAMS 0x0000000786600000, 0x0000000786600000| Complete 
| 103|0x0000000786700000, 0x0000000786800000, 0x0000000786800000|100%| E|CS|TAMS 0x0000000786700000, 0x0000000786700000| Complete 
| 104|0x0000000786800000, 0x0000000786900000, 0x0000000786900000|100%| E|CS|TAMS 0x0000000786800000, 0x0000000786800000| Complete 
| 105|0x0000000786900000, 0x0000000786a00000, 0x0000000786a00000|100%| E|CS|TAMS 0x0000000786900000, 0x0000000786900000| Complete 
| 106|0x0000000786a00000, 0x0000000786b00000, 0x0000000786b00000|100%| E|CS|TAMS 0x0000000786a00000, 0x0000000786a00000| Complete 
| 107|0x0000000786b00000, 0x0000000786c00000, 0x0000000786c00000|100%| E|CS|TAMS 0x0000000786b00000, 0x0000000786b00000| Complete 
| 108|0x0000000786c00000, 0x0000000786d00000, 0x0000000786d00000|100%| E|CS|TAMS 0x0000000786c00000, 0x0000000786c00000| Complete 
| 109|0x0000000786d00000, 0x0000000786e00000, 0x0000000786e00000|100%| E|CS|TAMS 0x0000000786d00000, 0x0000000786d00000| Complete 
| 110|0x0000000786e00000, 0x0000000786f00000, 0x0000000786f00000|100%| E|CS|TAMS 0x0000000786e00000, 0x0000000786e00000| Complete 
| 111|0x0000000786f00000, 0x0000000787000000, 0x0000000787000000|100%| E|CS|TAMS 0x0000000786f00000, 0x0000000786f00000| Complete 
| 112|0x0000000787000000, 0x0000000787100000, 0x0000000787100000|100%| E|CS|TAMS 0x0000000787000000, 0x0000000787000000| Complete 
| 113|0x0000000787100000, 0x0000000787200000, 0x0000000787200000|100%| E|CS|TAMS 0x0000000787100000, 0x0000000787100000| Complete 
| 114|0x0000000787200000, 0x0000000787300000, 0x0000000787300000|100%| E|CS|TAMS 0x0000000787200000, 0x0000000787200000| Complete 
| 115|0x0000000787300000, 0x0000000787400000, 0x0000000787400000|100%| E|CS|TAMS 0x0000000787300000, 0x0000000787300000| Complete 
| 116|0x0000000787400000, 0x0000000787500000, 0x0000000787500000|100%| E|CS|TAMS 0x0000000787400000, 0x0000000787400000| Complete 
| 117|0x0000000787500000, 0x0000000787600000, 0x0000000787600000|100%| E|CS|TAMS 0x0000000787500000, 0x0000000787500000| Complete 
| 118|0x0000000787600000, 0x0000000787700000, 0x0000000787700000|100%| E|CS|TAMS 0x0000000787600000, 0x0000000787600000| Complete 
| 119|0x0000000787700000, 0x0000000787800000, 0x0000000787800000|100%| E|CS|TAMS 0x0000000787700000, 0x0000000787700000| Complete 
| 120|0x0000000787800000, 0x0000000787900000, 0x0000000787900000|100%| E|CS|TAMS 0x0000000787800000, 0x0000000787800000| Complete 
| 121|0x0000000787900000, 0x0000000787a00000, 0x0000000787a00000|100%| E|CS|TAMS 0x0000000787900000, 0x0000000787900000| Complete 
| 122|0x0000000787a00000, 0x0000000787b00000, 0x0000000787b00000|100%| E|CS|TAMS 0x0000000787a00000, 0x0000000787a00000| Complete 
| 123|0x0000000787b00000, 0x0000000787c00000, 0x0000000787c00000|100%| E|CS|TAMS 0x0000000787b00000, 0x0000000787b00000| Complete 
| 124|0x0000000787c00000, 0x0000000787d00000, 0x0000000787d00000|100%| E|CS|TAMS 0x0000000787c00000, 0x0000000787c00000| Complete 
| 125|0x0000000787d00000, 0x0000000787e00000, 0x0000000787e00000|100%| E|CS|TAMS 0x0000000787d00000, 0x0000000787d00000| Complete 
| 126|0x0000000787e00000, 0x0000000787f00000, 0x0000000787f00000|100%| E|CS|TAMS 0x0000000787e00000, 0x0000000787e00000| Complete 
| 127|0x0000000787f00000, 0x0000000788000000, 0x0000000788000000|100%| E|CS|TAMS 0x0000000787f00000, 0x0000000787f00000| Complete 

Card table byte_map: [0x000000010f5de000,0x000000010f9de000] _byte_map_base: 0x000000010b9de000

Marking Bits (Prev, Next): (CMBitMap*) 0x00007fc8b4037018, (CMBitMap*) 0x00007fc8b4037050
 Prev Bits: [0x0000000123f8f000, 0x0000000125f8f000)
 Next Bits: [0x0000000125f8f000, 0x0000000127f8f000)

Polling page: 0x000000010cdea000

Metaspace:

Usage:
  Non-class:     16.78 MB capacity,    16.56 MB ( 99%) used,   190.93 KB (  1%) free+waste,    30.56 KB ( <1%) overhead. 
      Class:      2.41 MB capacity,     2.26 MB ( 94%) used,   131.62 KB (  5%) free+waste,    14.56 KB ( <1%) overhead. 
       Both:     19.19 MB capacity,    18.83 MB ( 98%) used,   322.55 KB (  2%) free+waste,    45.12 KB ( <1%) overhead. 

Virtual space:
  Non-class space:       18.00 MB reserved,      17.00 MB ( 94%) committed 
      Class space:        1.00 GB reserved,       2.50 MB ( <1%) committed 
             Both:        1.02 GB reserved,      19.50 MB (  2%) committed 

Chunk freelists:
   Non-Class:  116.00 KB
       Class:  1.00 KB
        Both:  117.00 KB

MaxMetaspaceSize: unlimited
CompressedClassSpaceSize: 1.00 GB
Initial GC threshold: 20.80 MB
Current GC threshold: 20.80 MB
CDS: off

CodeHeap 'non-profiled nmethods': size=120032Kb used=659Kb max_used=659Kb free=119373Kb
 bounds [0x000000011ca57000, 0x000000011ccc7000, 0x0000000123f8f000]
CodeHeap 'profiled nmethods': size=120028Kb used=3630Kb max_used=3630Kb free=116398Kb
 bounds [0x0000000115520000, 0x00000001158b0000, 0x000000011ca57000]
CodeHeap 'non-nmethods': size=5700Kb used=1187Kb max_used=1199Kb free=4512Kb
 bounds [0x0000000114f8f000, 0x00000001151ff000, 0x0000000115520000]
 total_blobs=2196 nmethods=1734 adapters=376
 compilation: enabled
              stopped_count=0, restarted_count=0
 full_count=0

Compilation events (20 events):
Event: 9.379 Thread 0x00007fc8b404b000 1770       4       java.lang.CharacterDataLatin1::isWhitespace (23 bytes)
Event: 9.380 Thread 0x00007fc8b3808800 1771       3       sun.reflect.generics.visitor.Reifier::make (9 bytes)
Event: 9.380 Thread 0x00007fc8b3808800 nmethod 1771 0x00000001158a7590 code [0x00000001158a7760, 0x00000001158a79b0]
Event: 9.380 Thread 0x00007fc8b3808800 1772       3       sun.reflect.generics.visitor.Reifier::<init> (10 bytes)
Event: 9.381 Thread 0x00007fc8b3808800 nmethod 1772 0x00000001158a7a90 code [0x00000001158a7c40, 0x00000001158a7df0]
Event: 9.381 Thread 0x00007fc8b404b000 nmethod 1770 0x000000011cafaf90 code [0x000000011cafb120, 0x000000011cafb1b8]
Event: 9.390 Thread 0x00007fc8b404b000 1773       4       java.lang.String::checkBoundsOffCount (61 bytes)
Event: 9.391 Thread 0x00007fc8b404b000 nmethod 1773 0x000000011cafb290 code [0x000000011cafb420, 0x000000011cafb4b8]
Event: 9.420 Thread 0x00007fc8b404b000 1774       4       java.io.RandomAccessFile::readFully (45 bytes)
Event: 9.422 Thread 0x00007fc8b404b000 nmethod 1774 0x000000011cafb590 code [0x000000011cafb740, 0x000000011cafb808]
Event: 9.446 Thread 0x00007fc8b3808800 1775       1       java.lang.reflect.Constructor::getModifiers (5 bytes)
Event: 9.446 Thread 0x00007fc8b3808800 nmethod 1775 0x000000011cafb910 code [0x000000011cafbac0, 0x000000011cafbb70]
Event: 9.460 Thread 0x00007fc8b3808800 1778       3       org.gradle.internal.service.DefaultServiceRegistry$OwnServices::collectProvidersForClassHierarchy (82 bytes)
Event: 9.462 Thread 0x00007fc8b3808800 nmethod 1778 0x00000001158a7e90 code [0x00000001158a81a0, 0x00000001158a9290]
Event: 9.463 Thread 0x00007fc8b3808800 1776       3       org.gradle.internal.service.DefaultServiceRegistry$OwnServices::add (117 bytes)
Event: 9.464 Thread 0x00007fc8b3808800 nmethod 1776 0x00000001158a9890 code [0x00000001158a9b60, 0x00000001158aaaa0]
Event: 9.464 Thread 0x00007fc8b3808800 1777       3       org.gradle.internal.service.DefaultServiceRegistry::access$1000 (5 bytes)
Event: 9.464 Thread 0x00007fc8b3808800 nmethod 1777 0x00000001158ab090 code [0x00000001158ab240, 0x00000001158ab340]
Event: 9.464 Thread 0x00007fc8b3808800 1779       3       org.gradle.internal.service.DefaultServiceRegistry$ClassInspector::getHierarchy (9 bytes)
Event: 9.465 Thread 0x00007fc8b3808800 nmethod 1779 0x00000001158ab410 code [0x00000001158ab5c0, 0x00000001158ab700]

GC Heap History (3 events):
Event: 2.871 GC heap before
{Heap before GC invocations=0 (full 0):
 garbage-first heap   total 131072K, used 29696K [0x0000000780000000, 0x0000000800000000)
  region size 1024K, 24 young (24576K), 0 survivors (0K)
 Metaspace       used 10130K, capacity 10379K, committed 10624K, reserved 1058816K
  class space    used 1039K, capacity 1141K, committed 1152K, reserved 1048576K
}
Event: 2.910 GC heap after
{Heap after GC invocations=1 (full 0):
 garbage-first heap   total 131072K, used 9307K [0x0000000780000000, 0x0000000800000000)
  region size 1024K, 3 young (3072K), 3 survivors (3072K)
 Metaspace       used 10130K, capacity 10379K, committed 10624K, reserved 1058816K
  class space    used 1039K, capacity 1141K, committed 1152K, reserved 1048576K
}
Event: 9.483 GC heap before
{Heap before GC invocations=1 (full 0):
 garbage-first heap   total 131072K, used 84059K [0x0000000780000000, 0x0000000800000000)
  region size 1024K, 76 young (77824K), 3 survivors (3072K)
 Metaspace       used 19279K, capacity 19647K, committed 19968K, reserved 1067008K
  class space    used 2316K, capacity 2463K, committed 2560K, reserved 1048576K
}

Deoptimization events (20 events):
Event: 6.377 Thread 0x00007fc8b4010800 DEOPT PACKING pc=0x000000011ca98e68 sp=0x00007000019cf480
Event: 6.377 Thread 0x00007fc8b4010800 DEOPT UNPACKING pc=0x0000000114fd8ea5 sp=0x00007000019cf3a0 mode 2
Event: 7.364 Thread 0x00007fc8b4010800 DEOPT PACKING pc=0x00000001155d63d9 sp=0x00007000019d0820
Event: 7.364 Thread 0x00007fc8b4010800 DEOPT UNPACKING pc=0x0000000114fd964a sp=0x00007000019cfce0 mode 0
Event: 7.621 Thread 0x00007fc8b4085800 Uncommon trap: trap_request=0xffffffc6 fr.pc=0x000000011cad3a68 relative=0x0000000000001248
Event: 7.621 Thread 0x00007fc8b4085800 Uncommon trap: reason=bimorphic_or_optimized_type_check action=maybe_recompile pc=0x000000011cad3a68 method=java.util.HashMap.putVal(ILjava/lang/Object;Ljava/lang/Object;ZZ)Ljava/lang/Object; @ 203 c2
Event: 7.621 Thread 0x00007fc8b4085800 DEOPT PACKING pc=0x000000011cad3a68 sp=0x0000700003320220
Event: 7.621 Thread 0x00007fc8b4085800 DEOPT UNPACKING pc=0x0000000114fd8ea5 sp=0x00007000033201b0 mode 2
Event: 7.621 Thread 0x00007fc8b4085800 Uncommon trap: trap_request=0xffffffc6 fr.pc=0x000000011cad3a68 relative=0x0000000000001248
Event: 7.621 Thread 0x00007fc8b4085800 Uncommon trap: reason=bimorphic_or_optimized_type_check action=maybe_recompile pc=0x000000011cad3a68 method=java.util.HashMap.putVal(ILjava/lang/Object;Ljava/lang/Object;ZZ)Ljava/lang/Object; @ 203 c2
Event: 7.621 Thread 0x00007fc8b4085800 DEOPT PACKING pc=0x000000011cad3a68 sp=0x0000700003320310
Event: 7.621 Thread 0x00007fc8b4085800 DEOPT UNPACKING pc=0x0000000114fd8ea5 sp=0x00007000033202a0 mode 2
Event: 7.656 Thread 0x00007fc8b4085800 Uncommon trap: trap_request=0xffffff4d fr.pc=0x000000011ca858c4 relative=0x0000000000000204
Event: 7.656 Thread 0x00007fc8b4085800 Uncommon trap: reason=unstable_if action=reinterpret pc=0x000000011ca858c4 method=java.util.HashMap.getNode(ILjava/lang/Object;)Ljava/util/HashMap$Node; @ 129 c2
Event: 7.656 Thread 0x00007fc8b4085800 DEOPT PACKING pc=0x000000011ca858c4 sp=0x000070000331f260
Event: 7.657 Thread 0x00007fc8b4085800 DEOPT UNPACKING pc=0x0000000114fd8ea5 sp=0x000070000331f1f0 mode 2
Event: 8.025 Thread 0x00007fc8b4085800 DEOPT PACKING pc=0x00000001155b2308 sp=0x000070000331af70
Event: 8.025 Thread 0x00007fc8b4085800 DEOPT UNPACKING pc=0x0000000114fd964a sp=0x000070000331a3e0 mode 0
Event: 8.841 Thread 0x00007fc8b4085800 DEOPT PACKING pc=0x0000000115607aa8 sp=0x000070000331b420
Event: 8.841 Thread 0x00007fc8b4085800 DEOPT UNPACKING pc=0x0000000114fd964a sp=0x000070000331a958 mode 0

Classes redefined (0 events):
No events

Internal exceptions (12 events):
Event: 0.706 Thread 0x00007fc8b4010800 Exception <a 'java/lang/NoSuchMethodError'{0x0000000787d1d630}: 'int java.lang.invoke.DirectMethodHandle$Holder.invokeStaticInit(java.lang.Object, java.lang.Object)'> (0x0000000787d1d630) thrown at [src/hotspot/share/interpreter/linkResolver.cpp, line 773]
Event: 0.800 Thread 0x00007fc8b4010800 Exception <a 'java/lang/NoSuchMethodError'{0x0000000787c02f10}: 'int java.lang.invoke.DirectMethodHandle$Holder.invokeSpecial(java.lang.Object, java.lang.Object, java.lang.Object, java.lang.Object)'> (0x0000000787c02f10) thrown at [src/hotspot/share/interpreter/linkResolver.cpp, line 773]
Event: 0.815 Thread 0x00007fc8b4010800 Exception <a 'java/lang/NoSuchMethodError'{0x0000000787c418b8}: 'int java.lang.invoke.DirectMethodHandle$Holder.invokeSpecialIFC(java.lang.Object, java.lang.Object, int)'> (0x0000000787c418b8) thrown at [src/hotspot/share/interpreter/linkResolver.cpp, line 773]
Event: 1.858 Thread 0x00007fc8b4010800 Exception <a 'java/lang/NoClassDefFoundError'{0x00000007871c4bf8}: org/slf4j/impl/StaticMarkerBinder> (0x00000007871c4bf8) thrown at [src/hotspot/share/classfile/systemDictionary.cpp, line 219]
Event: 2.217 Thread 0x00007fc8b4010800 Exception <a 'java/lang/NoSuchMethodError'{0x0000000786edd690}: 'java.lang.Object java.lang.invoke.DirectMethodHandle$Holder.invokeVirtual(java.lang.Object, java.lang.Object, java.lang.Object, java.lang.Object, java.lang.Object, java.lang.Object, java.lang.Object)'> (0x0000000786edd690) thrown at [src/hotspot/share/interpreter/linkResolver.cpp, line 773]
Event: 2.274 Thread 0x00007fc8b4010800 Exception <a 'java/lang/NoSuchMethodError'{0x0000000786ef1bd0}: 'java.lang.Object java.lang.invoke.Invokers$Holder.invoker(java.lang.Object, java.lang.Object, java.lang.Object)'> (0x0000000786ef1bd0) thrown at [src/hotspot/share/interpreter/linkResolver.cpp, line 773]
Event: 2.281 Thread 0x00007fc8b4010800 Exception <a 'java/lang/NoSuchMethodError'{0x0000000786d03468}: 'void java.lang.invoke.DelegatingMethodHandle$Holder.delegate(java.lang.Object, java.lang.Object, int, java.lang.Object)'> (0x0000000786d03468) thrown at [src/hotspot/share/interpreter/linkResolver.cpp, line 773]
Event: 4.673 Thread 0x00007fc8b4010800 Exception <a 'java/security/PrivilegedActionException'{0x000000078693e2e0}> (0x000000078693e2e0) thrown at [src/hotspot/share/prims/jvm.cpp, line 1306]
Event: 4.673 Thread 0x00007fc8b4010800 Exception <a 'java/security/PrivilegedActionException'{0x000000078693e858}> (0x000000078693e858) thrown at [src/hotspot/share/prims/jvm.cpp, line 1306]
Event: 6.048 Thread 0x00007fc8b4010800 Exception <a 'java/lang/NoSuchMethodError'{0x0000000785736ab0}: 'java.lang.Object java.lang.invoke.DirectMethodHandle$Holder.invokeStaticInit(java.lang.Object, java.lang.Object, java.lang.Object)'> (0x0000000785736ab0) thrown at [src/hotspot/share/interpreter/linkResolver.cpp, line 773]
Event: 7.724 Thread 0x00007fc8b4085800 Exception <a 'java/lang/NoSuchMethodError'{0x00000007849e16a0}: 'long java.lang.invoke.DirectMethodHandle$Holder.invokeInterface(java.lang.Object, java.lang.Object)'> (0x00000007849e16a0) thrown at [src/hotspot/share/interpreter/linkResolver.cpp, line 773]
Event: 7.727 Thread 0x00007fc8b4085800 Exception <a 'java/lang/NoSuchMethodError'{0x00000007849ee740}: 'void java.lang.invoke.DelegatingMethodHandle$Holder.reinvoke_L(java.lang.Object, java.lang.Object, java.lang.Object, java.lang.Object, java.lang.Object, java.lang.Object, java.lang.Object)'> (0x00000007849ee740) thrown at [src/hotspot/share/interpreter/linkResolver.cpp, line 773]

Events (20 events):
Event: 9.441 loading class org/gradle/internal/buildtree/NestedBuildTree done
Event: 9.446 loading class org/gradle/internal/build/BuildLifecycleControllerFactory
Event: 9.446 loading class org/gradle/internal/build/BuildLifecycleControllerFactory done
Event: 9.446 loading class org/gradle/composite/internal/DefaultIncludedBuildFactory
Event: 9.446 loading class org/gradle/composite/internal/DefaultIncludedBuildFactory done
Event: 9.458 loading class org/gradle/internal/build/IncludedBuildState
Event: 9.458 loading class org/gradle/internal/build/IncludedBuildState done
Event: 9.461 loading class org/gradle/composite/internal/DefaultIncludedBuildTaskGraph
Event: 9.461 loading class org/gradle/composite/internal/DefaultIncludedBuildTaskGraph done
Event: 9.469 loading class org/gradle/composite/internal/IncludedBuildTaskGraph
Event: 9.469 loading class org/gradle/composite/internal/IncludedBuildTaskGraph done
Event: 9.470 loading class org/gradle/composite/internal/IncludedBuildControllers
Event: 9.470 loading class org/gradle/composite/internal/IncludedBuildControllers done
Event: 9.473 loading class org/gradle/internal/operations/RunnableBuildOperation
Event: 9.473 loading class org/gradle/internal/operations/RunnableBuildOperation done
Event: 9.477 loading class org/gradle/internal/enterprise/impl/DefaultGradleEnterprisePluginRequiredServices
Event: 9.477 loading class org/gradle/internal/enterprise/impl/DefaultGradleEnterprisePluginRequiredServices done
Event: 9.482 loading class org/gradle/internal/enterprise/GradleEnterprisePluginRequiredServices
Event: 9.482 loading class org/gradle/internal/enterprise/GradleEnterprisePluginRequiredServices done
Event: 9.483 Executing VM operation: G1CollectForAllocation


Dynamic libraries:
0x00007fff39a9b000 	/System/Library/Frameworks/Cocoa.framework/Versions/A/Cocoa
0x00007fff470b0000 	/System/Library/Frameworks/Security.framework/Versions/A/Security
0x00007fff38a01000 	/System/Library/Frameworks/ApplicationServices.framework/Versions/A/ApplicationServices
0x000000010cd4e000 	/Applications/Android Studio.app/Contents/jbr/Contents/Home/lib/jli/libjli.dylib
0x00007fff70a08000 	/usr/lib/libSystem.B.dylib
0x00007fff37bf3000 	/System/Library/Frameworks/AppKit.framework/Versions/C/AppKit
0x00007fff3a3cd000 	/System/Library/Frameworks/CoreData.framework/Versions/A/CoreData
0x00007fff3cfe1000 	/System/Library/Frameworks/Foundation.framework/Versions/C/Foundation
0x00007fff6adb3000 	/System/Library/PrivateFrameworks/UIFoundation.framework/Versions/A/UIFoundation
0x00007fff665c9000 	/System/Library/PrivateFrameworks/RemoteViewServices.framework/Versions/A/RemoteViewServices
0x00007fff6d578000 	/System/Library/PrivateFrameworks/XCTTargetBootstrap.framework/Versions/A/XCTTargetBootstrap
0x00007fff3a7c9000 	/System/Library/Frameworks/CoreDisplay.framework/Versions/A/CoreDisplay
0x00007fff3fea0000 	/System/Library/Frameworks/Metal.framework/Versions/A/Metal
0x00007fff54761000 	/System/Library/PrivateFrameworks/DesktopServicesPriv.framework/Versions/A/DesktopServicesPriv
0x00007fff71bdc000 	/usr/lib/liblangid.dylib
0x00007fff539f6000 	/System/Library/PrivateFrameworks/CoreSVG.framework/Versions/A/CoreSVG
0x00007fff68fa3000 	/System/Library/PrivateFrameworks/SkyLight.framework/Versions/A/SkyLight
0x00007fff3ad7e000 	/System/Library/Frameworks/CoreGraphics.framework/Versions/A/CoreGraphics
0x00007fff36562000 	/System/Library/Frameworks/Accelerate.framework/Versions/A/Accelerate
0x00007fff72ec5000 	/usr/lib/libxml2.2.dylib
0x00007fff5f6ed000 	/System/Library/PrivateFrameworks/IconServices.framework/Versions/A/IconServices
0x00007fff3d7c0000 	/System/Library/Frameworks/IOSurface.framework/Versions/A/IOSurface
0x00007fff70532000 	/usr/lib/libDiagnosticMessagesClient.dylib
0x00007fff72fd4000 	/usr/lib/libz.1.dylib
0x00007fff545bb000 	/System/Library/PrivateFrameworks/DFRFoundation.framework/Versions/A/DFRFoundation
0x00007fff7196b000 	/usr/lib/libicucore.A.dylib
0x00007fff38d33000 	/System/Library/Frameworks/AudioToolbox.framework/Versions/A/AudioToolbox
0x00007fff38e16000 	/System/Library/Frameworks/AudioUnit.framework/Versions/A/AudioUnit
0x00007fff70ca0000 	/usr/lib/libauto.dylib
0x00007fff5465d000 	/System/Library/PrivateFrameworks/DataDetectorsCore.framework/Versions/A/DataDetectorsCore
0x00007fff395bc000 	/System/Library/Frameworks/Carbon.framework/Versions/A/Frameworks/HIToolbox.framework/Versions/A/HIToolbox
0x00007fff462a9000 	/System/Library/Frameworks/QuartzCore.framework/Versions/A/QuartzCore
0x00007fff398fb000 	/System/Library/Frameworks/Carbon.framework/Versions/A/Frameworks/SpeechRecognition.framework/Versions/A/SpeechRecognition
0x00007fff540cf000 	/System/Library/PrivateFrameworks/CoreUI.framework/Versions/A/CoreUI
0x00007fff39e8a000 	/System/Library/Frameworks/CoreAudio.framework/Versions/A/CoreAudio
0x00007fff3cc9f000 	/System/Library/Frameworks/DiskArbitration.framework/Versions/A/DiskArbitration
0x00007fff615a2000 	/System/Library/PrivateFrameworks/MultitouchSupport.framework/Versions/A/MultitouchSupport
0x00007fff71830000 	/usr/lib/libenergytrace.dylib
0x00007fff3d71a000 	/System/Library/Frameworks/IOKit.framework/Versions/A/IOKit
0x00007fff3bd09000 	/System/Library/Frameworks/CoreServices.framework/Versions/A/CoreServices
0x00007fff6375c000 	/System/Library/PrivateFrameworks/PerformanceAnalysis.framework/Versions/A/PerformanceAnalysis
0x00007fff452dc000 	/System/Library/Frameworks/OpenGL.framework/Versions/A/OpenGL
0x00007fff72901000 	/usr/lib/libobjc.A.dylib
0x00007fff39aa9000 	/System/Library/Frameworks/ColorSync.framework/Versions/A/ColorSync
0x00007fff3a8fc000 	/System/Library/Frameworks/CoreFoundation.framework/Versions/A/CoreFoundation
0x00007fff3b424000 	/System/Library/Frameworks/CoreImage.framework/Versions/A/CoreImage
0x00007fff3c77d000 	/System/Library/Frameworks/CoreText.framework/Versions/A/CoreText
0x00007fff3d850000 	/System/Library/Frameworks/ImageIO.framework/Versions/A/ImageIO
0x00007fff70d84000 	/usr/lib/libc++.1.dylib
0x00007fff70e00000 	/usr/lib/libcompression.dylib
0x00007fff70876000 	/usr/lib/libMobileGestalt.dylib
0x00007fff6ab1d000 	/System/Library/PrivateFrameworks/TextureIO.framework/Versions/A/TextureIO
0x00007fff70b6d000 	/usr/lib/libate.dylib
0x00007fff5f8f6000 	/System/Library/PrivateFrameworks/InternationalSupport.framework/Versions/A/InternationalSupport
0x00007fff73895000 	/usr/lib/system/libcache.dylib
0x00007fff7389b000 	/usr/lib/system/libcommonCrypto.dylib
0x00007fff738a7000 	/usr/lib/system/libcompiler_rt.dylib
0x00007fff738af000 	/usr/lib/system/libcopyfile.dylib
0x00007fff738b9000 	/usr/lib/system/libcorecrypto.dylib
0x00007fff73a58000 	/usr/lib/system/libdispatch.dylib
0x00007fff73a99000 	/usr/lib/system/libdyld.dylib
0x00007fff73ad0000 	/usr/lib/system/libkeymgr.dylib
0x00007fff73ade000 	/usr/lib/system/liblaunch.dylib
0x00007fff73adf000 	/usr/lib/system/libmacho.dylib
0x00007fff73ae5000 	/usr/lib/system/libquarantine.dylib
0x00007fff73ae8000 	/usr/lib/system/libremovefile.dylib
0x00007fff73aea000 	/usr/lib/system/libsystem_asl.dylib
0x00007fff73b02000 	/usr/lib/system/libsystem_blocks.dylib
0x00007fff73b03000 	/usr/lib/system/libsystem_c.dylib
0x00007fff73b8b000 	/usr/lib/system/libsystem_configuration.dylib
0x00007fff73b8f000 	/usr/lib/system/libsystem_coreservices.dylib
0x00007fff73b93000 	/usr/lib/system/libsystem_darwin.dylib
0x00007fff73b9c000 	/usr/lib/system/libsystem_dnssd.dylib
0x00007fff73ba4000 	/usr/lib/system/libsystem_featureflags.dylib
0x00007fff73ba6000 	/usr/lib/system/libsystem_info.dylib
0x00007fff73c21000 	/usr/lib/system/libsystem_m.dylib
0x00007fff73c6d000 	/usr/lib/system/libsystem_malloc.dylib
0x00007fff73c95000 	/usr/lib/system/libsystem_networkextension.dylib
0x00007fff73ca3000 	/usr/lib/system/libsystem_notify.dylib
0x00007fff73cc1000 	/usr/lib/system/libsystem_sandbox.dylib
0x00007fff73cc6000 	/usr/lib/system/libsystem_secinit.dylib
0x00007fff73bf4000 	/usr/lib/system/libsystem_kernel.dylib
0x00007fff73cad000 	/usr/lib/system/libsystem_platform.dylib
0x00007fff73cb6000 	/usr/lib/system/libsystem_pthread.dylib
0x00007fff73cc9000 	/usr/lib/system/libsystem_symptoms.dylib
0x00007fff73cd1000 	/usr/lib/system/libsystem_trace.dylib
0x00007fff73ce9000 	/usr/lib/system/libunwind.dylib
0x00007fff73cef000 	/usr/lib/system/libxpc.dylib
0x00007fff70dd7000 	/usr/lib/libc++abi.dylib
0x00007fff71bde000 	/usr/lib/liblzma.5.dylib
0x00007fff71859000 	/usr/lib/libfakelink.dylib
0x00007fff70afa000 	/usr/lib/libarchive.2.dylib
0x00007fff48163000 	/System/Library/Frameworks/SystemConfiguration.framework/Versions/A/SystemConfiguration
0x00007fff70465000 	/usr/lib/libCRFSuite.dylib
0x00007fff391ad000 	/System/Library/Frameworks/CFNetwork.framework/Versions/A/CFNetwork
0x00007fff70d66000 	/usr/lib/libbsm.0.dylib
0x00007fff73ad1000 	/usr/lib/system/libkxld.dylib
0x00007fff4df1d000 	/System/Library/PrivateFrameworks/AppleFSCompression.framework/Versions/A/AppleFSCompression
0x00007fff710f2000 	/usr/lib/libcoretls.dylib
0x00007fff71109000 	/usr/lib/libcoretls_cfhelpers.dylib
0x00007fff72946000 	/usr/lib/libpam.2.dylib
0x00007fff72a7b000 	/usr/lib/libsqlite3.dylib
0x00007fff72eb2000 	/usr/lib/libxar.1.dylib
0x00007fff70d77000 	/usr/lib/libbz2.1.0.dylib
0x00007fff7187a000 	/usr/lib/libiconv.2.dylib
0x00007fff70ded000 	/usr/lib/libcharset.1.dylib
0x00007fff723e4000 	/usr/lib/libnetwork.dylib
0x00007fff7294d000 	/usr/lib/libpcap.A.dylib
0x00007fff70aaf000 	/usr/lib/libapple_nghttp2.dylib
0x00007fff3c0c0000 	/System/Library/Frameworks/CoreServices.framework/Versions/A/Frameworks/FSEvents.framework/Versions/A/FSEvents
0x00007fff3bd90000 	/System/Library/Frameworks/CoreServices.framework/Versions/A/Frameworks/CarbonCore.framework/Versions/A/CarbonCore
0x00007fff3c305000 	/System/Library/Frameworks/CoreServices.framework/Versions/A/Frameworks/Metadata.framework/Versions/A/Metadata
0x00007fff3c39e000 	/System/Library/Frameworks/CoreServices.framework/Versions/A/Frameworks/OSServices.framework/Versions/A/OSServices
0x00007fff3c3cc000 	/System/Library/Frameworks/CoreServices.framework/Versions/A/Frameworks/SearchKit.framework/Versions/A/SearchKit
0x00007fff3bd0a000 	/System/Library/Frameworks/CoreServices.framework/Versions/A/Frameworks/AE.framework/Versions/A/AE
0x00007fff3c0c9000 	/System/Library/Frameworks/CoreServices.framework/Versions/A/Frameworks/LaunchServices.framework/Versions/A/LaunchServices
0x00007fff3c072000 	/System/Library/Frameworks/CoreServices.framework/Versions/A/Frameworks/DictionaryServices.framework/Versions/A/DictionaryServices
0x00007fff3c434000 	/System/Library/Frameworks/CoreServices.framework/Versions/A/Frameworks/SharedFileList.framework/Versions/A/SharedFileList
0x00007fff410fb000 	/System/Library/Frameworks/NetFS.framework/Versions/A/NetFS
0x00007fff61ad2000 	/System/Library/PrivateFrameworks/NetAuth.framework/Versions/A/NetAuth
0x00007fff6d945000 	/System/Library/PrivateFrameworks/login.framework/Versions/A/Frameworks/loginsupport.framework/Versions/A/loginsupport
0x00007fff6a5e8000 	/System/Library/PrivateFrameworks/TCC.framework/Versions/A/TCC
0x00007fff52b53000 	/System/Library/PrivateFrameworks/CoreNLP.framework/Versions/A/CoreNLP
0x00007fff6115d000 	/System/Library/PrivateFrameworks/MetadataUtilities.framework/Versions/A/MetadataUtilities
0x00007fff71cb6000 	/usr/lib/libmecabra.dylib
0x00007fff71c0e000 	/usr/lib/libmecab.dylib
0x00007fff7186a000 	/usr/lib/libgermantok.dylib
0x00007fff70a96000 	/usr/lib/libThaiTokenizer.dylib
0x00007fff7049c000 	/usr/lib/libChineseTokenizer.dylib
0x00007fff3657b000 	/System/Library/Frameworks/Accelerate.framework/Versions/A/Frameworks/vImage.framework/Versions/A/vImage
0x00007fff37a49000 	/System/Library/Frameworks/Accelerate.framework/Versions/A/Frameworks/vecLib.framework/Versions/A/vecLib
0x00007fff378ca000 	/System/Library/Frameworks/Accelerate.framework/Versions/A/Frameworks/vecLib.framework/Versions/A/libvMisc.dylib
0x00007fff37737000 	/System/Library/Frameworks/Accelerate.framework/Versions/A/Frameworks/vecLib.framework/Versions/A/libvDSP.dylib
0x00007fff36e17000 	/System/Library/Frameworks/Accelerate.framework/Versions/A/Frameworks/vecLib.framework/Versions/A/libBLAS.dylib
0x00007fff372ef000 	/System/Library/Frameworks/Accelerate.framework/Versions/A/Frameworks/vecLib.framework/Versions/A/libLAPACK.dylib
0x00007fff37697000 	/System/Library/Frameworks/Accelerate.framework/Versions/A/Frameworks/vecLib.framework/Versions/A/libLinearAlgebra.dylib
0x00007fff37724000 	/System/Library/Frameworks/Accelerate.framework/Versions/A/Frameworks/vecLib.framework/Versions/A/libSparseBLAS.dylib
0x00007fff376ad000 	/System/Library/Frameworks/Accelerate.framework/Versions/A/Frameworks/vecLib.framework/Versions/A/libQuadrature.dylib
0x00007fff36fad000 	/System/Library/Frameworks/Accelerate.framework/Versions/A/Frameworks/vecLib.framework/Versions/A/libBNNS.dylib
0x00007fff376b3000 	/System/Library/Frameworks/Accelerate.framework/Versions/A/Frameworks/vecLib.framework/Versions/A/libSparse.dylib
0x00007fff5fcd1000 	/System/Library/PrivateFrameworks/LanguageModeling.framework/Versions/A/LanguageModeling
0x00007fff52502000 	/System/Library/PrivateFrameworks/CoreEmoji.framework/Versions/A/CoreEmoji
0x00007fff5fdef000 	/System/Library/PrivateFrameworks/LinguisticData.framework/Versions/A/LinguisticData
0x00007fff5fda0000 	/System/Library/PrivateFrameworks/Lexicon.framework/Versions/A/Lexicon
0x00007fff70dee000 	/usr/lib/libcmph.dylib
0x00007fff43cea000 	/System/Library/Frameworks/OpenDirectory.framework/Versions/A/Frameworks/CFOpenDirectory.framework/Versions/A/CFOpenDirectory
0x00007fff43d07000 	/System/Library/Frameworks/OpenDirectory.framework/Versions/A/OpenDirectory
0x00007fff4c14d000 	/System/Library/PrivateFrameworks/APFS.framework/Versions/A/APFS
0x00007fff473fc000 	/System/Library/Frameworks/SecurityFoundation.framework/Versions/A/SecurityFoundation
0x00007fff72eae000 	/usr/lib/libutil.dylib
0x00007fff53a4e000 	/System/Library/PrivateFrameworks/CoreServicesStore.framework/Versions/A/CoreServicesStore
0x00007fff474b3000 	/System/Library/Frameworks/ServiceManagement.framework/Versions/A/ServiceManagement
0x00007fff4f6ef000 	/System/Library/PrivateFrameworks/BackgroundTaskManagement.framework/Versions/A/BackgroundTaskManagement
0x00007fff72fab000 	/usr/lib/libxslt.1.dylib
0x00007fff4e591000 	/System/Library/PrivateFrameworks/AppleSystemInfo.framework/Versions/A/AppleSystemInfo
0x00007fff3da6f000 	/System/Library/Frameworks/ImageIO.framework/Versions/A/Resources/libJPEG.dylib
0x00007fff3dd2e000 	/System/Library/Frameworks/ImageIO.framework/Versions/A/Resources/libTIFF.dylib
0x00007fff3dd11000 	/System/Library/Frameworks/ImageIO.framework/Versions/A/Resources/libPng.dylib
0x00007fff3d9b1000 	/System/Library/Frameworks/ImageIO.framework/Versions/A/Resources/libGIF.dylib
0x00007fff3d9b5000 	/System/Library/Frameworks/ImageIO.framework/Versions/A/Resources/libJP2.dylib
0x00007fff3dd2c000 	/System/Library/Frameworks/ImageIO.framework/Versions/A/Resources/libRadiance.dylib
0x00007fff71831000 	/usr/lib/libexpat.1.dylib
0x00007fff4e078000 	/System/Library/PrivateFrameworks/AppleJPEG.framework/Versions/A/AppleJPEG
0x00007fff56d4d000 	/System/Library/PrivateFrameworks/FontServices.framework/libFontParser.dylib
0x00007fff6ca97000 	/System/Library/PrivateFrameworks/WatchdogClient.framework/Versions/A/WatchdogClient
0x00007fff5f339000 	/System/Library/PrivateFrameworks/IOAccelerator.framework/Versions/A/IOAccelerator
0x00007fff4023b000 	/System/Library/Frameworks/MetalPerformanceShaders.framework/Versions/A/MetalPerformanceShaders
0x00007fff5bac9000 	/System/Library/PrivateFrameworks/GPUWrangler.framework/Versions/A/GPUWrangler
0x00007fff5f34e000 	/System/Library/PrivateFrameworks/IOPresentment.framework/Versions/A/IOPresentment
0x00007fff545ce000 	/System/Library/PrivateFrameworks/DSExternalDisplay.framework/Versions/A/DSExternalDisplay
0x00007fff4467b000 	/System/Library/Frameworks/OpenGL.framework/Versions/A/Libraries/libCoreFSCache.dylib
0x00007fff3ff87000 	/System/Library/Frameworks/MetalPerformanceShaders.framework/Frameworks/MPSCore.framework/Versions/A/MPSCore
0x00007fff3ffc5000 	/System/Library/Frameworks/MetalPerformanceShaders.framework/Frameworks/MPSImage.framework/Versions/A/MPSImage
0x00007fff4008c000 	/System/Library/Frameworks/MetalPerformanceShaders.framework/Frameworks/MPSNeuralNetwork.framework/Versions/A/MPSNeuralNetwork
0x00007fff40050000 	/System/Library/Frameworks/MetalPerformanceShaders.framework/Frameworks/MPSMatrix.framework/Versions/A/MPSMatrix
0x00007fff401eb000 	/System/Library/Frameworks/MetalPerformanceShaders.framework/Frameworks/MPSRayIntersector.framework/Versions/A/MPSRayIntersector
0x00007fff40076000 	/System/Library/Frameworks/MetalPerformanceShaders.framework/Frameworks/MPSNDArray.framework/Versions/A/MPSNDArray
0x00007fff611aa000 	/System/Library/PrivateFrameworks/MetalTools.framework/Versions/A/MetalTools
0x00007fff4d327000 	/System/Library/PrivateFrameworks/AggregateDictionary.framework/Versions/A/AggregateDictionary
0x00007fff51f49000 	/System/Library/PrivateFrameworks/CoreAnalytics.framework/Versions/A/CoreAnalytics
0x00007fff4e4af000 	/System/Library/PrivateFrameworks/AppleSauce.framework/Versions/A/AppleSauce
0x00007fff70758000 	/usr/lib/libIOReport.dylib
0x00007fff3c936000 	/System/Library/Frameworks/CoreVideo.framework/Versions/A/CoreVideo
0x00007fff5cf42000 	/System/Library/PrivateFrameworks/GraphVisualizer.framework/Versions/A/GraphVisualizer
0x00007fff56293000 	/System/Library/PrivateFrameworks/FaceCore.framework/Versions/A/FaceCore
0x00007fff43c91000 	/System/Library/Frameworks/OpenCL.framework/Versions/A/OpenCL
0x00007fff7057a000 	/usr/lib/libFosl_dynamic.dylib
0x00007fff624f4000 	/System/Library/PrivateFrameworks/OTSVG.framework/Versions/A/OTSVG
0x00007fff38b06000 	/System/Library/Frameworks/ApplicationServices.framework/Versions/A/Frameworks/ATS.framework/Versions/A/Resources/libFontRegistry.dylib
0x00007fff56f1d000 	/System/Library/PrivateFrameworks/FontServices.framework/libhvf.dylib
0x00007fff44686000 	/System/Library/Frameworks/OpenGL.framework/Versions/A/Libraries/libGFXShared.dylib
0x00007fff44864000 	/System/Library/Frameworks/OpenGL.framework/Versions/A/Libraries/libGLU.dylib
0x00007fff4468f000 	/System/Library/Frameworks/OpenGL.framework/Versions/A/Libraries/libGL.dylib
0x00007fff4469a000 	/System/Library/Frameworks/OpenGL.framework/Versions/A/Libraries/libGLImage.dylib
0x00007fff44678000 	/System/Library/Frameworks/OpenGL.framework/Versions/A/Libraries/libCVMSPluginSupport.dylib
0x00007fff44681000 	/System/Library/Frameworks/OpenGL.framework/Versions/A/Libraries/libCoreVMClient.dylib
0x00007fff72285000 	/usr/lib/libncurses.5.4.dylib
0x00007fff38a02000 	/System/Library/Frameworks/ApplicationServices.framework/Versions/A/Frameworks/ATS.framework/Versions/A/ATS
0x00007fff38bcf000 	/System/Library/Frameworks/ApplicationServices.framework/Versions/A/Frameworks/ColorSyncLegacy.framework/Versions/A/ColorSyncLegacy
0x00007fff38c6d000 	/System/Library/Frameworks/ApplicationServices.framework/Versions/A/Frameworks/HIServices.framework/Versions/A/HIServices
0x00007fff38cc5000 	/System/Library/Frameworks/ApplicationServices.framework/Versions/A/Frameworks/LangAnalysis.framework/Versions/A/LangAnalysis
0x00007fff38cd4000 	/System/Library/Frameworks/ApplicationServices.framework/Versions/A/Frameworks/PrintCore.framework/Versions/A/PrintCore
0x00007fff38d1a000 	/System/Library/Frameworks/ApplicationServices.framework/Versions/A/Frameworks/QD.framework/Versions/A/QD
0x00007fff38d25000 	/System/Library/Frameworks/ApplicationServices.framework/Versions/A/Frameworks/SpeechSynthesis.framework/Versions/A/SpeechSynthesis
0x00007fff38b9f000 	/System/Library/Frameworks/ApplicationServices.framework/Versions/A/Frameworks/ATSUI.framework/Versions/A/ATSUI
0x00007fff716c7000 	/usr/lib/libcups.2.dylib
0x00007fff3f2d6000 	/System/Library/Frameworks/Kerberos.framework/Versions/A/Kerberos
0x00007fff3d413000 	/System/Library/Frameworks/GSS.framework/Versions/A/GSS
0x00007fff72a07000 	/usr/lib/libresolv.9.dylib
0x00007fff5d0ef000 	/System/Library/PrivateFrameworks/Heimdal.framework/Versions/A/Heimdal
0x00007fff3f2e9000 	/System/Library/Frameworks/Kerberos.framework/Versions/A/Libraries/libHeimdalProxy.dylib
0x00007fff71870000 	/usr/lib/libheimdal-asn1.dylib
0x00007fff513e1000 	/System/Library/PrivateFrameworks/CommonAuth.framework/Versions/A/CommonAuth
0x00007fff4e62e000 	/System/Library/PrivateFrameworks/AssertionServices.framework/Versions/A/AssertionServices
0x00007fff4f1d1000 	/System/Library/PrivateFrameworks/AudioToolboxCore.framework/Versions/A/AudioToolboxCore
0x00007fff6d5f5000 	/System/Library/PrivateFrameworks/caulk.framework/Versions/A/caulk
0x00007fff4f79b000 	/System/Library/PrivateFrameworks/BaseBoard.framework/Versions/A/BaseBoard
0x00007fff66757000 	/System/Library/PrivateFrameworks/RunningBoardServices.framework/Versions/A/RunningBoardServices
0x00007fff63768000 	/System/Library/PrivateFrameworks/PersistentConnection.framework/Versions/A/PersistentConnection
0x00007fff66150000 	/System/Library/PrivateFrameworks/ProtocolBuffer.framework/Versions/A/ProtocolBuffer
0x00007fff51405000 	/System/Library/PrivateFrameworks/CommonUtilities.framework/Versions/A/CommonUtilities
0x00007fff4f929000 	/System/Library/PrivateFrameworks/Bom.framework/Versions/A/Bom
0x00007fff7042b000 	/usr/lib/libAudioToolboxUtility.dylib
0x00007fff4f6f9000 	/System/Library/PrivateFrameworks/Backup.framework/Versions/A/Backup
0x00007fff544ef000 	/System/Library/PrivateFrameworks/CrashReporterSupport.framework/Versions/A/CrashReporterSupport
0x00007fff67a67000 	/System/Library/PrivateFrameworks/Sharing.framework/Versions/A/Sharing
0x00007fff4dc3b000 	/System/Library/PrivateFrameworks/Apple80211.framework/Versions/A/Apple80211
0x00007fff4f416000 	/System/Library/PrivateFrameworks/AuthKit.framework/Versions/A/AuthKit
0x00007fff541fc000 	/System/Library/PrivateFrameworks/CoreUtils.framework/Versions/A/CoreUtils
0x00007fff3c97b000 	/System/Library/Frameworks/CoreWLAN.framework/Versions/A/CoreWLAN
0x00007fff3d5a0000 	/System/Library/Frameworks/IOBluetooth.framework/Versions/A/IOBluetooth
0x00007fff61321000 	/System/Library/PrivateFrameworks/MobileKeyBag.framework/Versions/A/MobileKeyBag
0x00007fff52feb000 	/System/Library/PrivateFrameworks/CorePhoneNumbers.framework/Versions/A/CorePhoneNumbers
0x00007fff4e02b000 	/System/Library/PrivateFrameworks/AppleIDAuthSupport.framework/Versions/A/AppleIDAuthSupport
0x00007fff41108000 	/System/Library/Frameworks/Network.framework/Versions/A/Network
0x00007fff5fb7d000 	/System/Library/PrivateFrameworks/KeychainCircle.framework/Versions/A/KeychainCircle
0x00007fff3a394000 	/System/Library/Frameworks/CoreBluetooth.framework/Versions/A/CoreBluetooth
0x00007fff69ae6000 	/System/Library/PrivateFrameworks/SpeechRecognitionCore.framework/Versions/A/SpeechRecognitionCore
0x000000010de00000 	/Applications/Android Studio.app/Contents/jbr/Contents/Home/lib/server/libjvm.dylib
0x000000010cd86000 	/Applications/Android Studio.app/Contents/jbr/Contents/Home/lib/libverify.dylib
0x000000010cd9a000 	/Applications/Android Studio.app/Contents/jbr/Contents/Home/lib/libjava.dylib
0x000000010cdd6000 	/Applications/Android Studio.app/Contents/jbr/Contents/Home/lib/libjimage.dylib
0x000000010efdc000 	/Applications/Android Studio.app/Contents/jbr/Contents/Home/lib/libzip.dylib
0x0000000110673000 	/Applications/Android Studio.app/Contents/jbr/Contents/Home/lib/libnio.dylib
0x000000011068f000 	/Applications/Android Studio.app/Contents/jbr/Contents/Home/lib/libnet.dylib
0x00000001106b3000 	/Users/alauddinansari/.gradle/native/e1d6ef7f7dcc3fd88c89a11ec53ec762bb8ba0a96d01ffa2cd45eb1d1d8dd5c5/osx-amd64/libnative-platform.dylib
0x00000001106ba000 	/Users/alauddinansari/.gradle/native/5664cfc778a61ccfe75a443a1ab52a65af34e5dc3c78e0209fed803814484fcb/osx-amd64/libnative-platform-file-events.dylib
0x0000000110b27000 	/Applications/Android Studio.app/Contents/jbr/Contents/Home/lib/libmanagement.dylib
0x0000000110b3b000 	/Applications/Android Studio.app/Contents/jbr/Contents/Home/lib/libmanagement_ext.dylib
0x0000000110d4b000 	/Applications/Android Studio.app/Contents/jbr/Contents/Home/lib/libextnet.dylib


VM Arguments:
jvm_args: --add-opens=java.base/java.util=ALL-UNNAMED --add-opens=java.base/java.lang=ALL-UNNAMED --add-opens=java.base/java.lang.invoke=ALL-UNNAMED --add-opens=java.base/java.util=ALL-UNNAMED --add-opens=java.prefs/java.util.prefs=ALL-UNNAMED --add-opens=java.prefs/java.util.prefs=ALL-UNNAMED --add-opens=java.base/java.nio.charset=ALL-UNNAMED --add-opens=java.base/java.net=ALL-UNNAMED --add-opens=java.base/java.util.concurrent.atomic=ALL-UNNAMED -Xmx2048m -Dfile.encoding=UTF-8 -Duser.country=IN -Duser.language=en -Duser.variant 
java_command: org.gradle.launcher.daemon.bootstrap.GradleDaemon 7.3.3
java_class_path (initial): /Users/alauddinansari/.gradle/wrapper/dists/gradle-7.3.3-bin/6a41zxkdtcxs8rphpq6y0069z/gradle-7.3.3/lib/gradle-launcher-7.3.3.jar
Launcher Type: SUN_STANDARD

[Global flags]
     intx CICompilerCount                          = 4                                         {product} {ergonomic}
     uint ConcGCThreads                            = 2                                         {product} {ergonomic}
     uint G1ConcRefinementThreads                  = 8                                         {product} {ergonomic}
   size_t G1HeapRegionSize                         = 1048576                                   {product} {ergonomic}
    uintx GCDrainStackTargetSize                   = 64                                        {product} {ergonomic}
   size_t InitialHeapSize                          = 134217728                                 {product} {ergonomic}
   size_t MarkStackSize                            = 4194304                                   {product} {ergonomic}
   size_t MaxHeapSize                              = 2147483648                                {product} {command line}
   size_t MaxNewSize                               = 1287651328                                {product} {ergonomic}
   size_t MinHeapDeltaBytes                        = 1048576                                   {product} {ergonomic}
    uintx NonNMethodCodeHeapSize                   = 5836300                                {pd product} {ergonomic}
    uintx NonProfiledCodeHeapSize                  = 122910970                              {pd product} {ergonomic}
    uintx ProfiledCodeHeapSize                     = 122910970                              {pd product} {ergonomic}
    uintx ReservedCodeCacheSize                    = 251658240                              {pd product} {ergonomic}
     bool SegmentedCodeCache                       = true                                      {product} {ergonomic}
     bool UseCompressedClassPointers               = true                                 {lp64_product} {ergonomic}
     bool UseCompressedOops                        = true                                 {lp64_product} {ergonomic}
     bool UseG1GC                                  = true                                      {product} {ergonomic}

Logging:
Log output configuration:
 #0: stdout all=warning uptime,level,tags
 #1: stderr all=off uptime,level,tags

Environment Variables:
PATH=/usr/local/bin:/usr/bin:/bin:/usr/sbin:/sbin:/Library/Apple/usr/bin
SHELL=/bin/zsh
LC_CTYPE=en_IN.UTF-8

Signal Handlers:
SIGSEGV: [libjvm.dylib+0x7d0a90], sa_mask[0]=11111111011111110111111111111111, sa_flags=SA_ONSTACK|SA_RESTART|SA_SIGINFO
SIGBUS: [libjvm.dylib+0x7d0a90], sa_mask[0]=11111111011111110111111111111111, sa_flags=SA_RESTART|SA_SIGINFO
SIGFPE: [libjvm.dylib+0x7d0a90], sa_mask[0]=11111111011111110111111111111111, sa_flags=SA_RESTART|SA_SIGINFO
SIGPIPE: [libjvm.dylib+0x633f66], sa_mask[0]=11111111011111110111111111111111, sa_flags=SA_RESTART|SA_SIGINFO
SIGXFSZ: [libjvm.dylib+0x633f66], sa_mask[0]=11111111011111110111111111111111, sa_flags=SA_RESTART|SA_SIGINFO
SIGILL: [libjvm.dylib+0x7d0a90], sa_mask[0]=11111111011111110111111111111111, sa_flags=SA_RESTART|SA_SIGINFO
SIGUSR2: [libjvm.dylib+0x634544], sa_mask[0]=00100000000000000000000000000000, sa_flags=SA_RESTART|SA_SIGINFO
SIGHUP: [libjvm.dylib+0x633089], sa_mask[0]=11111111011111110111111111111111, sa_flags=SA_RESTART|SA_SIGINFO
SIGINT: [libjvm.dylib+0x633089], sa_mask[0]=11111111011111110111111111111111, sa_flags=SA_RESTART|SA_SIGINFO
SIGTERM: [libjvm.dylib+0x633089], sa_mask[0]=11111111011111110111111111111111, sa_flags=SA_RESTART|SA_SIGINFO
SIGQUIT: [libjvm.dylib+0x633089], sa_mask[0]=11111111011111110111111111111111, sa_flags=SA_RESTART|SA_SIGINFO


---------------  S Y S T E M  ---------------

OS:uname:Darwin 19.6.0 Darwin Kernel Version 19.6.0: Tue Jun 21 21:18:39 PDT 2022; root:xnu-6153.141.66~1/RELEASE_X86_64 x86_64
OS uptime: 1 days 3:10 hours
rlimit (soft/hard): STACK 8192k/65532k , CORE 0k/infinity , NPROC 1392/2088 , NOFILE 10240/infinity , AS infinity/infinity , CPU infinity/infinity , DATA infinity/infinity , FSIZE infinity/infinity , MEMLOCK infinity/infinity , RSS infinity/infinity
load average:9.03 5.27 3.89

CPU:total 8 (initial active 8) (4 cores per cpu, 2 threads per core) family 6 model 58 stepping 9 microcode 0x21, cmov, cx8, fxsr, mmx, sse, sse2, sse3, ssse3, sse4.1, sse4.2, popcnt, avx, aes, clmul, erms, ht, tsc, tscinvbit, tscinv

Memory: 4k page, physical 8388608k(34812k free), swap 2097152k(550912k free)

vm_info: OpenJDK 64-Bit Server VM (11.0.15+0-b2043.56-8887301) for bsd-amd64 JRE (11.0.15+0-b2043.56-8887301), built on Jul 29 2022 15:23:02 by "androidbuild" with gcc Android (7284624, based on r416183b) Clang 12.0.5 (https://android.googlesource.com/toolchain/llvm-project c935d99d7cf2016289302412d708641d52d2f7ee)

END.
